Command line invocation:
    /Applications/Xcode.app/Contents/Developer/usr/bin/xcodebuild -scheme Drinkly -destination "platform=iOS Simulator,name=iPhone 16 Pro Max" clean build

ComputePackagePrebuildTargetDependencyGraph

CreateBuildRequest

SendProjectDescription

CreateBuildOperation

** CLEAN SUCCEEDED **

ComputePackagePrebuildTargetDependencyGraph

Prepare packages

CreateBuildRequest

SendProjectDescription

CreateBuildOperation

ComputeTargetDependencyGraph
note: Building targets in dependency order
note: Target dependency graph (1 target)
    Target 'Drinkly' in project 'Drinkly' (no dependencies)

GatherProvisioningInputs

CreateBuildDescription

ExecuteExternalTool /Applications/Xcode.app/Contents/Developer/Toolchains/XcodeDefault.xctoolchain/usr/bin/clang -v -E -dM -isysroot /Applications/Xcode.app/Contents/Developer/Platforms/iPhoneSimulator.platform/Developer/SDKs/iPhoneSimulator18.5.sdk -x c -c /dev/null

ExecuteExternalTool /Applications/Xcode.app/Contents/Developer/usr/bin/actool --print-asset-tag-combinations --output-format xml1 /Users/yakupacar/Documents/Projects/Drinkly/Drinkly/Assets.xcassets

ExecuteExternalTool /Applications/Xcode.app/Contents/Developer/usr/bin/actool --version --output-format xml1

ExecuteExternalTool /Applications/Xcode.app/Contents/Developer/Toolchains/XcodeDefault.xctoolchain/usr/bin/swiftc --version

ExecuteExternalTool /Applications/Xcode.app/Contents/Developer/Toolchains/XcodeDefault.xctoolchain/usr/bin/ld -version_details

Build description signature: 90fa4e40625fa83fa7b0f5ff1aa8ccfa
Build description path: /Users/yakupacar/Library/Developer/Xcode/DerivedData/Drinkly-avclcklxnzfdlmbvbosehlvocgfw/Build/Intermediates.noindex/XCBuildData/90fa4e40625fa83fa7b0f5ff1aa8ccfa.xcbuilddata
ClangStatCache /Applications/Xcode.app/Contents/Developer/Toolchains/XcodeDefault.xctoolchain/usr/bin/clang-stat-cache /Applications/Xcode.app/Contents/Developer/Platforms/iPhoneSimulator.platform/Developer/SDKs/iPhoneSimulator18.5.sdk /Users/yakupacar/Library/Developer/Xcode/DerivedData/SDKStatCaches.noindex/iphonesimulator18.5-22F76-d5fc8ad4295d2ef488fb7d0f804ce0c4.sdkstatcache
    cd /Users/yakupacar/Documents/Projects/Drinkly/Drinkly.xcodeproj
    /Applications/Xcode.app/Contents/Developer/Toolchains/XcodeDefault.xctoolchain/usr/bin/clang-stat-cache /Applications/Xcode.app/Contents/Developer/Platforms/iPhoneSimulator.platform/Developer/SDKs/iPhoneSimulator18.5.sdk -o /Users/yakupacar/Library/Developer/Xcode/DerivedData/SDKStatCaches.noindex/iphonesimulator18.5-22F76-d5fc8ad4295d2ef488fb7d0f804ce0c4.sdkstatcache

CreateBuildDirectory /Users/yakupacar/Library/Developer/Xcode/DerivedData/Drinkly-avclcklxnzfdlmbvbosehlvocgfw/Build/Intermediates.noindex
    cd /Users/yakupacar/Documents/Projects/Drinkly/Drinkly.xcodeproj
    builtin-create-build-directory /Users/yakupacar/Library/Developer/Xcode/DerivedData/Drinkly-avclcklxnzfdlmbvbosehlvocgfw/Build/Intermediates.noindex

CreateBuildDirectory /Users/yakupacar/Library/Developer/Xcode/DerivedData/Drinkly-avclcklxnzfdlmbvbosehlvocgfw/Build/Products
    cd /Users/yakupacar/Documents/Projects/Drinkly/Drinkly.xcodeproj
    builtin-create-build-directory /Users/yakupacar/Library/Developer/Xcode/DerivedData/Drinkly-avclcklxnzfdlmbvbosehlvocgfw/Build/Products

CreateBuildDirectory /Users/yakupacar/Library/Developer/Xcode/DerivedData/Drinkly-avclcklxnzfdlmbvbosehlvocgfw/Build/Intermediates.noindex/EagerLinkingTBDs/Debug-iphonesimulator
    cd /Users/yakupacar/Documents/Projects/Drinkly/Drinkly.xcodeproj
    builtin-create-build-directory /Users/yakupacar/Library/Developer/Xcode/DerivedData/Drinkly-avclcklxnzfdlmbvbosehlvocgfw/Build/Intermediates.noindex/EagerLinkingTBDs/Debug-iphonesimulator

CreateBuildDirectory /Users/yakupacar/Library/Developer/Xcode/DerivedData/Drinkly-avclcklxnzfdlmbvbosehlvocgfw/Build/Products/Debug-iphonesimulator
    cd /Users/yakupacar/Documents/Projects/Drinkly/Drinkly.xcodeproj
    builtin-create-build-directory /Users/yakupacar/Library/Developer/Xcode/DerivedData/Drinkly-avclcklxnzfdlmbvbosehlvocgfw/Build/Products/Debug-iphonesimulator

WriteAuxiliaryFile /Users/yakupacar/Library/Developer/Xcode/DerivedData/Drinkly-avclcklxnzfdlmbvbosehlvocgfw/Build/Intermediates.noindex/Drinkly.build/Debug-iphonesimulator/Drinkly-ba854380ec164161122a86507cbcc0c9-VFS-iphonesimulator/all-product-headers.yaml
    cd /Users/yakupacar/Documents/Projects/Drinkly/Drinkly.xcodeproj
    write-file /Users/yakupacar/Library/Developer/Xcode/DerivedData/Drinkly-avclcklxnzfdlmbvbosehlvocgfw/Build/Intermediates.noindex/Drinkly.build/Debug-iphonesimulator/Drinkly-ba854380ec164161122a86507cbcc0c9-VFS-iphonesimulator/all-product-headers.yaml

WriteAuxiliaryFile /Users/yakupacar/Library/Developer/Xcode/DerivedData/Drinkly-avclcklxnzfdlmbvbosehlvocgfw/Build/Intermediates.noindex/Drinkly.build/Debug-iphonesimulator/Drinkly.build/Drinkly.DependencyMetadataFileList (in target 'Drinkly' from project 'Drinkly')
    cd /Users/yakupacar/Documents/Projects/Drinkly
    write-file /Users/yakupacar/Library/Developer/Xcode/DerivedData/Drinkly-avclcklxnzfdlmbvbosehlvocgfw/Build/Intermediates.noindex/Drinkly.build/Debug-iphonesimulator/Drinkly.build/Drinkly.DependencyMetadataFileList

WriteAuxiliaryFile /Users/yakupacar/Library/Developer/Xcode/DerivedData/Drinkly-avclcklxnzfdlmbvbosehlvocgfw/Build/Intermediates.noindex/Drinkly.build/Debug-iphonesimulator/Drinkly.build/Drinkly-project-headers.hmap (in target 'Drinkly' from project 'Drinkly')
    cd /Users/yakupacar/Documents/Projects/Drinkly
    write-file /Users/yakupacar/Library/Developer/Xcode/DerivedData/Drinkly-avclcklxnzfdlmbvbosehlvocgfw/Build/Intermediates.noindex/Drinkly.build/Debug-iphonesimulator/Drinkly.build/Drinkly-project-headers.hmap

WriteAuxiliaryFile /Users/yakupacar/Library/Developer/Xcode/DerivedData/Drinkly-avclcklxnzfdlmbvbosehlvocgfw/Build/Intermediates.noindex/Drinkly.build/Debug-iphonesimulator/Drinkly.build/Objects-normal/arm64/Drinkly_const_extract_protocols.json (in target 'Drinkly' from project 'Drinkly')
    cd /Users/yakupacar/Documents/Projects/Drinkly
    write-file /Users/yakupacar/Library/Developer/Xcode/DerivedData/Drinkly-avclcklxnzfdlmbvbosehlvocgfw/Build/Intermediates.noindex/Drinkly.build/Debug-iphonesimulator/Drinkly.build/Objects-normal/arm64/Drinkly_const_extract_protocols.json

WriteAuxiliaryFile /Users/yakupacar/Library/Developer/Xcode/DerivedData/Drinkly-avclcklxnzfdlmbvbosehlvocgfw/Build/Intermediates.noindex/Drinkly.build/Debug-iphonesimulator/Drinkly.build/Objects-normal/arm64/Drinkly.SwiftConstValuesFileList (in target 'Drinkly' from project 'Drinkly')
    cd /Users/yakupacar/Documents/Projects/Drinkly
    write-file /Users/yakupacar/Library/Developer/Xcode/DerivedData/Drinkly-avclcklxnzfdlmbvbosehlvocgfw/Build/Intermediates.noindex/Drinkly.build/Debug-iphonesimulator/Drinkly.build/Objects-normal/arm64/Drinkly.SwiftConstValuesFileList

WriteAuxiliaryFile /Users/yakupacar/Library/Developer/Xcode/DerivedData/Drinkly-avclcklxnzfdlmbvbosehlvocgfw/Build/Intermediates.noindex/Drinkly.build/Debug-iphonesimulator/Drinkly.build/Drinkly.DependencyStaticMetadataFileList (in target 'Drinkly' from project 'Drinkly')
    cd /Users/yakupacar/Documents/Projects/Drinkly
    write-file /Users/yakupacar/Library/Developer/Xcode/DerivedData/Drinkly-avclcklxnzfdlmbvbosehlvocgfw/Build/Intermediates.noindex/Drinkly.build/Debug-iphonesimulator/Drinkly.build/Drinkly.DependencyStaticMetadataFileList

WriteAuxiliaryFile /Users/yakupacar/Library/Developer/Xcode/DerivedData/Drinkly-avclcklxnzfdlmbvbosehlvocgfw/Build/Intermediates.noindex/Drinkly.build/Debug-iphonesimulator/Drinkly.build/Objects-normal/arm64/Drinkly-OutputFileMap.json (in target 'Drinkly' from project 'Drinkly')
    cd /Users/yakupacar/Documents/Projects/Drinkly
    write-file /Users/yakupacar/Library/Developer/Xcode/DerivedData/Drinkly-avclcklxnzfdlmbvbosehlvocgfw/Build/Intermediates.noindex/Drinkly.build/Debug-iphonesimulator/Drinkly.build/Objects-normal/arm64/Drinkly-OutputFileMap.json

WriteAuxiliaryFile /Users/yakupacar/Library/Developer/Xcode/DerivedData/Drinkly-avclcklxnzfdlmbvbosehlvocgfw/Build/Intermediates.noindex/Drinkly.build/Debug-iphonesimulator/Drinkly.build/Drinkly.hmap (in target 'Drinkly' from project 'Drinkly')
    cd /Users/yakupacar/Documents/Projects/Drinkly
    write-file /Users/yakupacar/Library/Developer/Xcode/DerivedData/Drinkly-avclcklxnzfdlmbvbosehlvocgfw/Build/Intermediates.noindex/Drinkly.build/Debug-iphonesimulator/Drinkly.build/Drinkly.hmap

WriteAuxiliaryFile /Users/yakupacar/Library/Developer/Xcode/DerivedData/Drinkly-avclcklxnzfdlmbvbosehlvocgfw/Build/Intermediates.noindex/Drinkly.build/Debug-iphonesimulator/Drinkly.build/Objects-normal/arm64/Drinkly.SwiftFileList (in target 'Drinkly' from project 'Drinkly')
    cd /Users/yakupacar/Documents/Projects/Drinkly
    write-file /Users/yakupacar/Library/Developer/Xcode/DerivedData/Drinkly-avclcklxnzfdlmbvbosehlvocgfw/Build/Intermediates.noindex/Drinkly.build/Debug-iphonesimulator/Drinkly.build/Objects-normal/arm64/Drinkly.SwiftFileList

WriteAuxiliaryFile /Users/yakupacar/Library/Developer/Xcode/DerivedData/Drinkly-avclcklxnzfdlmbvbosehlvocgfw/Build/Intermediates.noindex/Drinkly.build/Debug-iphonesimulator/Drinkly.build/Objects-normal/arm64/Drinkly.LinkFileList (in target 'Drinkly' from project 'Drinkly')
    cd /Users/yakupacar/Documents/Projects/Drinkly
    write-file /Users/yakupacar/Library/Developer/Xcode/DerivedData/Drinkly-avclcklxnzfdlmbvbosehlvocgfw/Build/Intermediates.noindex/Drinkly.build/Debug-iphonesimulator/Drinkly.build/Objects-normal/arm64/Drinkly.LinkFileList

WriteAuxiliaryFile /Users/yakupacar/Library/Developer/Xcode/DerivedData/Drinkly-avclcklxnzfdlmbvbosehlvocgfw/Build/Intermediates.noindex/Drinkly.build/Debug-iphonesimulator/Drinkly.build/Drinkly-own-target-headers.hmap (in target 'Drinkly' from project 'Drinkly')
    cd /Users/yakupacar/Documents/Projects/Drinkly
    write-file /Users/yakupacar/Library/Developer/Xcode/DerivedData/Drinkly-avclcklxnzfdlmbvbosehlvocgfw/Build/Intermediates.noindex/Drinkly.build/Debug-iphonesimulator/Drinkly.build/Drinkly-own-target-headers.hmap

WriteAuxiliaryFile /Users/yakupacar/Library/Developer/Xcode/DerivedData/Drinkly-avclcklxnzfdlmbvbosehlvocgfw/Build/Intermediates.noindex/Drinkly.build/Debug-iphonesimulator/Drinkly.build/Drinkly-generated-files.hmap (in target 'Drinkly' from project 'Drinkly')
    cd /Users/yakupacar/Documents/Projects/Drinkly
    write-file /Users/yakupacar/Library/Developer/Xcode/DerivedData/Drinkly-avclcklxnzfdlmbvbosehlvocgfw/Build/Intermediates.noindex/Drinkly.build/Debug-iphonesimulator/Drinkly.build/Drinkly-generated-files.hmap

WriteAuxiliaryFile /Users/yakupacar/Library/Developer/Xcode/DerivedData/Drinkly-avclcklxnzfdlmbvbosehlvocgfw/Build/Intermediates.noindex/Drinkly.build/Debug-iphonesimulator/Drinkly.build/Drinkly-all-target-headers.hmap (in target 'Drinkly' from project 'Drinkly')
    cd /Users/yakupacar/Documents/Projects/Drinkly
    write-file /Users/yakupacar/Library/Developer/Xcode/DerivedData/Drinkly-avclcklxnzfdlmbvbosehlvocgfw/Build/Intermediates.noindex/Drinkly.build/Debug-iphonesimulator/Drinkly.build/Drinkly-all-target-headers.hmap

WriteAuxiliaryFile /Users/yakupacar/Library/Developer/Xcode/DerivedData/Drinkly-avclcklxnzfdlmbvbosehlvocgfw/Build/Intermediates.noindex/Drinkly.build/Debug-iphonesimulator/Drinkly.build/Drinkly-all-non-framework-target-headers.hmap (in target 'Drinkly' from project 'Drinkly')
    cd /Users/yakupacar/Documents/Projects/Drinkly
    write-file /Users/yakupacar/Library/Developer/Xcode/DerivedData/Drinkly-avclcklxnzfdlmbvbosehlvocgfw/Build/Intermediates.noindex/Drinkly.build/Debug-iphonesimulator/Drinkly.build/Drinkly-all-non-framework-target-headers.hmap

WriteAuxiliaryFile /Users/yakupacar/Library/Developer/Xcode/DerivedData/Drinkly-avclcklxnzfdlmbvbosehlvocgfw/Build/Intermediates.noindex/Drinkly.build/Debug-iphonesimulator/Drinkly.build/Drinkly-DebugDylibPath-normal-arm64.txt (in target 'Drinkly' from project 'Drinkly')
    cd /Users/yakupacar/Documents/Projects/Drinkly
    write-file /Users/yakupacar/Library/Developer/Xcode/DerivedData/Drinkly-avclcklxnzfdlmbvbosehlvocgfw/Build/Intermediates.noindex/Drinkly.build/Debug-iphonesimulator/Drinkly.build/Drinkly-DebugDylibPath-normal-arm64.txt

WriteAuxiliaryFile /Users/yakupacar/Library/Developer/Xcode/DerivedData/Drinkly-avclcklxnzfdlmbvbosehlvocgfw/Build/Intermediates.noindex/Drinkly.build/Debug-iphonesimulator/Drinkly.build/Drinkly-DebugDylibInstallName-normal-arm64.txt (in target 'Drinkly' from project 'Drinkly')
    cd /Users/yakupacar/Documents/Projects/Drinkly
    write-file /Users/yakupacar/Library/Developer/Xcode/DerivedData/Drinkly-avclcklxnzfdlmbvbosehlvocgfw/Build/Intermediates.noindex/Drinkly.build/Debug-iphonesimulator/Drinkly.build/Drinkly-DebugDylibInstallName-normal-arm64.txt

MkDir /Users/yakupacar/Library/Developer/Xcode/DerivedData/Drinkly-avclcklxnzfdlmbvbosehlvocgfw/Build/Products/Debug-iphonesimulator/Drinkly.app (in target 'Drinkly' from project 'Drinkly')
    cd /Users/yakupacar/Documents/Projects/Drinkly
    /bin/mkdir -p /Users/yakupacar/Library/Developer/Xcode/DerivedData/Drinkly-avclcklxnzfdlmbvbosehlvocgfw/Build/Products/Debug-iphonesimulator/Drinkly.app

WriteAuxiliaryFile /Users/yakupacar/Library/Developer/Xcode/DerivedData/Drinkly-avclcklxnzfdlmbvbosehlvocgfw/Build/Intermediates.noindex/Drinkly.build/Debug-iphonesimulator/Drinkly.build/DerivedSources/Entitlements-Simulated.plist (in target 'Drinkly' from project 'Drinkly')
    cd /Users/yakupacar/Documents/Projects/Drinkly
    write-file /Users/yakupacar/Library/Developer/Xcode/DerivedData/Drinkly-avclcklxnzfdlmbvbosehlvocgfw/Build/Intermediates.noindex/Drinkly.build/Debug-iphonesimulator/Drinkly.build/DerivedSources/Entitlements-Simulated.plist

ProcessProductPackaging "" /Users/yakupacar/Library/Developer/Xcode/DerivedData/Drinkly-avclcklxnzfdlmbvbosehlvocgfw/Build/Intermediates.noindex/Drinkly.build/Debug-iphonesimulator/Drinkly.build/Drinkly.app-Simulated.xcent (in target 'Drinkly' from project 'Drinkly')
    cd /Users/yakupacar/Documents/Projects/Drinkly
    
    Entitlements:
    
    {
    "application-identifier" = "FNKT7F6F2A.com.ioneagles.Drinkly";
}
    
    builtin-productPackagingUtility -entitlements -format xml -o /Users/yakupacar/Library/Developer/Xcode/DerivedData/Drinkly-avclcklxnzfdlmbvbosehlvocgfw/Build/Intermediates.noindex/Drinkly.build/Debug-iphonesimulator/Drinkly.build/Drinkly.app-Simulated.xcent

ProcessProductPackagingDER /Users/yakupacar/Library/Developer/Xcode/DerivedData/Drinkly-avclcklxnzfdlmbvbosehlvocgfw/Build/Intermediates.noindex/Drinkly.build/Debug-iphonesimulator/Drinkly.build/Drinkly.app-Simulated.xcent /Users/yakupacar/Library/Developer/Xcode/DerivedData/Drinkly-avclcklxnzfdlmbvbosehlvocgfw/Build/Intermediates.noindex/Drinkly.build/Debug-iphonesimulator/Drinkly.build/Drinkly.app-Simulated.xcent.der (in target 'Drinkly' from project 'Drinkly')
    cd /Users/yakupacar/Documents/Projects/Drinkly
    /usr/bin/derq query -f xml -i /Users/yakupacar/Library/Developer/Xcode/DerivedData/Drinkly-avclcklxnzfdlmbvbosehlvocgfw/Build/Intermediates.noindex/Drinkly.build/Debug-iphonesimulator/Drinkly.build/Drinkly.app-Simulated.xcent -o /Users/yakupacar/Library/Developer/Xcode/DerivedData/Drinkly-avclcklxnzfdlmbvbosehlvocgfw/Build/Intermediates.noindex/Drinkly.build/Debug-iphonesimulator/Drinkly.build/Drinkly.app-Simulated.xcent.der --raw

Ld /Users/yakupacar/Library/Developer/Xcode/DerivedData/Drinkly-avclcklxnzfdlmbvbosehlvocgfw/Build/Products/Debug-iphonesimulator/Drinkly.app/__preview.dylib normal (in target 'Drinkly' from project 'Drinkly')
    cd /Users/yakupacar/Documents/Projects/Drinkly
    /Applications/Xcode.app/Contents/Developer/Toolchains/XcodeDefault.xctoolchain/usr/bin/clang -Xlinker -reproducible -target arm64-apple-ios18.5-simulator -dynamiclib -isysroot /Applications/Xcode.app/Contents/Developer/Platforms/iPhoneSimulator.platform/Developer/SDKs/iPhoneSimulator18.5.sdk -O0 -L/Users/yakupacar/Library/Developer/Xcode/DerivedData/Drinkly-avclcklxnzfdlmbvbosehlvocgfw/Build/Products/Debug-iphonesimulator -F/Users/yakupacar/Library/Developer/Xcode/DerivedData/Drinkly-avclcklxnzfdlmbvbosehlvocgfw/Build/Products/Debug-iphonesimulator -install_name @rpath/Drinkly.debug.dylib -dead_strip -rdynamic -Xlinker -no_deduplicate -Xlinker -objc_abi_version -Xlinker 2 -Xlinker -debug_variant -Xlinker -dependency_info -Xlinker /Users/yakupacar/Library/Developer/Xcode/DerivedData/Drinkly-avclcklxnzfdlmbvbosehlvocgfw/Build/Intermediates.noindex/Drinkly.build/Debug-iphonesimulator/Drinkly.build/Objects-normal/arm64/Drinkly_dependency_info.dat -Xlinker -sectcreate -Xlinker __TEXT -Xlinker __entitlements -Xlinker /Users/yakupacar/Library/Developer/Xcode/DerivedData/Drinkly-avclcklxnzfdlmbvbosehlvocgfw/Build/Intermediates.noindex/Drinkly.build/Debug-iphonesimulator/Drinkly.build/Drinkly.app-Simulated.xcent -Xlinker -sectcreate -Xlinker __TEXT -Xlinker __ents_der -Xlinker /Users/yakupacar/Library/Developer/Xcode/DerivedData/Drinkly-avclcklxnzfdlmbvbosehlvocgfw/Build/Intermediates.noindex/Drinkly.build/Debug-iphonesimulator/Drinkly.build/Drinkly.app-Simulated.xcent.der -Xlinker -no_adhoc_codesign -o /Users/yakupacar/Library/Developer/Xcode/DerivedData/Drinkly-avclcklxnzfdlmbvbosehlvocgfw/Build/Products/Debug-iphonesimulator/Drinkly.app/__preview.dylib

MkDir /Users/yakupacar/Library/Developer/Xcode/DerivedData/Drinkly-avclcklxnzfdlmbvbosehlvocgfw/Build/Intermediates.noindex/Drinkly.build/Debug-iphonesimulator/Drinkly.build/assetcatalog_output/unthinned (in target 'Drinkly' from project 'Drinkly')
    cd /Users/yakupacar/Documents/Projects/Drinkly
    /bin/mkdir -p /Users/yakupacar/Library/Developer/Xcode/DerivedData/Drinkly-avclcklxnzfdlmbvbosehlvocgfw/Build/Intermediates.noindex/Drinkly.build/Debug-iphonesimulator/Drinkly.build/assetcatalog_output/unthinned

GenerateAssetSymbols /Users/yakupacar/Documents/Projects/Drinkly/Drinkly/Assets.xcassets (in target 'Drinkly' from project 'Drinkly')
    cd /Users/yakupacar/Documents/Projects/Drinkly
    /Applications/Xcode.app/Contents/Developer/usr/bin/actool /Users/yakupacar/Documents/Projects/Drinkly/Drinkly/Assets.xcassets --compile /Users/yakupacar/Library/Developer/Xcode/DerivedData/Drinkly-avclcklxnzfdlmbvbosehlvocgfw/Build/Products/Debug-iphonesimulator/Drinkly.app --output-format human-readable-text --notices --warnings --export-dependency-info /Users/yakupacar/Library/Developer/Xcode/DerivedData/Drinkly-avclcklxnzfdlmbvbosehlvocgfw/Build/Intermediates.noindex/Drinkly.build/Debug-iphonesimulator/Drinkly.build/assetcatalog_dependencies --output-partial-info-plist /Users/yakupacar/Library/Developer/Xcode/DerivedData/Drinkly-avclcklxnzfdlmbvbosehlvocgfw/Build/Intermediates.noindex/Drinkly.build/Debug-iphonesimulator/Drinkly.build/assetcatalog_generated_info.plist --app-icon AppIcon --accent-color AccentColor --compress-pngs --enable-on-demand-resources YES --development-region en --target-device iphone --target-device ipad --minimum-deployment-target 18.5 --platform iphonesimulator --bundle-identifier com.ioneagles.Drinkly --generate-swift-asset-symbols /Users/yakupacar/Library/Developer/Xcode/DerivedData/Drinkly-avclcklxnzfdlmbvbosehlvocgfw/Build/Intermediates.noindex/Drinkly.build/Debug-iphonesimulator/Drinkly.build/DerivedSources/GeneratedAssetSymbols.swift --generate-objc-asset-symbols /Users/yakupacar/Library/Developer/Xcode/DerivedData/Drinkly-avclcklxnzfdlmbvbosehlvocgfw/Build/Intermediates.noindex/Drinkly.build/Debug-iphonesimulator/Drinkly.build/DerivedSources/GeneratedAssetSymbols.h --generate-asset-symbol-index /Users/yakupacar/Library/Developer/Xcode/DerivedData/Drinkly-avclcklxnzfdlmbvbosehlvocgfw/Build/Intermediates.noindex/Drinkly.build/Debug-iphonesimulator/Drinkly.build/DerivedSources/GeneratedAssetSymbols-Index.plist
/* com.apple.actool.compilation-results */
/Users/yakupacar/Library/Developer/Xcode/DerivedData/Drinkly-avclcklxnzfdlmbvbosehlvocgfw/Build/Intermediates.noindex/Drinkly.build/Debug-iphonesimulator/Drinkly.build/DerivedSources/GeneratedAssetSymbols-Index.plist
/Users/yakupacar/Library/Developer/Xcode/DerivedData/Drinkly-avclcklxnzfdlmbvbosehlvocgfw/Build/Intermediates.noindex/Drinkly.build/Debug-iphonesimulator/Drinkly.build/DerivedSources/GeneratedAssetSymbols.h
/Users/yakupacar/Library/Developer/Xcode/DerivedData/Drinkly-avclcklxnzfdlmbvbosehlvocgfw/Build/Intermediates.noindex/Drinkly.build/Debug-iphonesimulator/Drinkly.build/DerivedSources/GeneratedAssetSymbols.swift


MkDir /Users/yakupacar/Library/Developer/Xcode/DerivedData/Drinkly-avclcklxnzfdlmbvbosehlvocgfw/Build/Intermediates.noindex/Drinkly.build/Debug-iphonesimulator/Drinkly.build/assetcatalog_output/thinned (in target 'Drinkly' from project 'Drinkly')
    cd /Users/yakupacar/Documents/Projects/Drinkly
    /bin/mkdir -p /Users/yakupacar/Library/Developer/Xcode/DerivedData/Drinkly-avclcklxnzfdlmbvbosehlvocgfw/Build/Intermediates.noindex/Drinkly.build/Debug-iphonesimulator/Drinkly.build/assetcatalog_output/thinned

CompileAssetCatalogVariant thinned /Users/yakupacar/Library/Developer/Xcode/DerivedData/Drinkly-avclcklxnzfdlmbvbosehlvocgfw/Build/Products/Debug-iphonesimulator/Drinkly.app /Users/yakupacar/Documents/Projects/Drinkly/Drinkly/Assets.xcassets (in target 'Drinkly' from project 'Drinkly')
    cd /Users/yakupacar/Documents/Projects/Drinkly
    /Applications/Xcode.app/Contents/Developer/usr/bin/actool /Users/yakupacar/Documents/Projects/Drinkly/Drinkly/Assets.xcassets --compile /Users/yakupacar/Library/Developer/Xcode/DerivedData/Drinkly-avclcklxnzfdlmbvbosehlvocgfw/Build/Intermediates.noindex/Drinkly.build/Debug-iphonesimulator/Drinkly.build/assetcatalog_output/thinned --output-format human-readable-text --notices --warnings --export-dependency-info /Users/yakupacar/Library/Developer/Xcode/DerivedData/Drinkly-avclcklxnzfdlmbvbosehlvocgfw/Build/Intermediates.noindex/Drinkly.build/Debug-iphonesimulator/Drinkly.build/assetcatalog_dependencies_thinned --output-partial-info-plist /Users/yakupacar/Library/Developer/Xcode/DerivedData/Drinkly-avclcklxnzfdlmbvbosehlvocgfw/Build/Intermediates.noindex/Drinkly.build/Debug-iphonesimulator/Drinkly.build/assetcatalog_generated_info.plist_thinned --app-icon AppIcon --accent-color AccentColor --compress-pngs --enable-on-demand-resources YES --filter-for-thinning-device-configuration iPhone17,2 --filter-for-device-os-version 18.5 --development-region en --target-device iphone --target-device ipad --minimum-deployment-target 18.5 --platform iphonesimulator
/* com.apple.actool.document.notices */
/Users/yakupacar/Documents/Projects/Drinkly/Drinkly/Assets.xcassets:./AppIcon.appiconset/[][ipad][76x76][][][1x][][][][]: notice: 76x76@1x app icons only apply to iPad apps targeting releases of iOS prior to 10.0.
/* com.apple.actool.compilation-results */
/Users/yakupacar/Library/Developer/Xcode/DerivedData/Drinkly-avclcklxnzfdlmbvbosehlvocgfw/Build/Intermediates.noindex/Drinkly.build/Debug-iphonesimulator/Drinkly.build/assetcatalog_generated_info.plist_thinned
/Users/yakupacar/Library/Developer/Xcode/DerivedData/Drinkly-avclcklxnzfdlmbvbosehlvocgfw/Build/Intermediates.noindex/Drinkly.build/Debug-iphonesimulator/Drinkly.build/assetcatalog_output/thinned/AppIcon60x60@2x.png
/Users/yakupacar/Library/Developer/Xcode/DerivedData/Drinkly-avclcklxnzfdlmbvbosehlvocgfw/Build/Intermediates.noindex/Drinkly.build/Debug-iphonesimulator/Drinkly.build/assetcatalog_output/thinned/AppIcon76x76@2x~ipad.png
/Users/yakupacar/Library/Developer/Xcode/DerivedData/Drinkly-avclcklxnzfdlmbvbosehlvocgfw/Build/Intermediates.noindex/Drinkly.build/Debug-iphonesimulator/Drinkly.build/assetcatalog_output/thinned/Assets.car


SwiftDriver Drinkly normal arm64 com.apple.xcode.tools.swift.compiler (in target 'Drinkly' from project 'Drinkly')
    cd /Users/yakupacar/Documents/Projects/Drinkly
    builtin-SwiftDriver -- /Applications/Xcode.app/Contents/Developer/Toolchains/XcodeDefault.xctoolchain/usr/bin/swiftc -module-name Drinkly -Onone -enforce-exclusivity\=checked @/Users/yakupacar/Library/Developer/Xcode/DerivedData/Drinkly-avclcklxnzfdlmbvbosehlvocgfw/Build/Intermediates.noindex/Drinkly.build/Debug-iphonesimulator/Drinkly.build/Objects-normal/arm64/Drinkly.SwiftFileList -DDEBUG -enable-bare-slash-regex -enable-experimental-feature DebugDescriptionMacro -sdk /Applications/Xcode.app/Contents/Developer/Platforms/iPhoneSimulator.platform/Developer/SDKs/iPhoneSimulator18.5.sdk -target arm64-apple-ios18.5-simulator -g -module-cache-path /Users/yakupacar/Library/Developer/Xcode/DerivedData/ModuleCache.noindex -Xfrontend -serialize-debugging-options -profile-coverage-mapping -profile-generate -enable-testing -index-store-path /Users/yakupacar/Library/Developer/Xcode/DerivedData/Drinkly-avclcklxnzfdlmbvbosehlvocgfw/Index.noindex/DataStore -swift-version 5 -I /Users/yakupacar/Library/Developer/Xcode/DerivedData/Drinkly-avclcklxnzfdlmbvbosehlvocgfw/Build/Products/Debug-iphonesimulator -F /Users/yakupacar/Library/Developer/Xcode/DerivedData/Drinkly-avclcklxnzfdlmbvbosehlvocgfw/Build/Products/Debug-iphonesimulator -emit-localized-strings -emit-localized-strings-path /Users/yakupacar/Library/Developer/Xcode/DerivedData/Drinkly-avclcklxnzfdlmbvbosehlvocgfw/Build/Intermediates.noindex/Drinkly.build/Debug-iphonesimulator/Drinkly.build/Objects-normal/arm64 -c -j10 -enable-batch-mode -incremental -Xcc -ivfsstatcache -Xcc /Users/yakupacar/Library/Developer/Xcode/DerivedData/SDKStatCaches.noindex/iphonesimulator18.5-22F76-d5fc8ad4295d2ef488fb7d0f804ce0c4.sdkstatcache -output-file-map /Users/yakupacar/Library/Developer/Xcode/DerivedData/Drinkly-avclcklxnzfdlmbvbosehlvocgfw/Build/Intermediates.noindex/Drinkly.build/Debug-iphonesimulator/Drinkly.build/Objects-normal/arm64/Drinkly-OutputFileMap.json -use-frontend-parseable-output -save-temps -no-color-diagnostics -serialize-diagnostics -emit-dependencies -emit-module -emit-module-path /Users/yakupacar/Library/Developer/Xcode/DerivedData/Drinkly-avclcklxnzfdlmbvbosehlvocgfw/Build/Intermediates.noindex/Drinkly.build/Debug-iphonesimulator/Drinkly.build/Objects-normal/arm64/Drinkly.swiftmodule -validate-clang-modules-once -clang-build-session-file /Users/yakupacar/Library/Developer/Xcode/DerivedData/ModuleCache.noindex/Session.modulevalidation -Xcc -I/Users/yakupacar/Library/Developer/Xcode/DerivedData/Drinkly-avclcklxnzfdlmbvbosehlvocgfw/Build/Intermediates.noindex/Drinkly.build/Debug-iphonesimulator/Drinkly.build/swift-overrides.hmap -emit-const-values -Xfrontend -const-gather-protocols-file -Xfrontend /Users/yakupacar/Library/Developer/Xcode/DerivedData/Drinkly-avclcklxnzfdlmbvbosehlvocgfw/Build/Intermediates.noindex/Drinkly.build/Debug-iphonesimulator/Drinkly.build/Objects-normal/arm64/Drinkly_const_extract_protocols.json -Xcc -iquote -Xcc /Users/yakupacar/Library/Developer/Xcode/DerivedData/Drinkly-avclcklxnzfdlmbvbosehlvocgfw/Build/Intermediates.noindex/Drinkly.build/Debug-iphonesimulator/Drinkly.build/Drinkly-generated-files.hmap -Xcc -I/Users/yakupacar/Library/Developer/Xcode/DerivedData/Drinkly-avclcklxnzfdlmbvbosehlvocgfw/Build/Intermediates.noindex/Drinkly.build/Debug-iphonesimulator/Drinkly.build/Drinkly-own-target-headers.hmap -Xcc -I/Users/yakupacar/Library/Developer/Xcode/DerivedData/Drinkly-avclcklxnzfdlmbvbosehlvocgfw/Build/Intermediates.noindex/Drinkly.build/Debug-iphonesimulator/Drinkly.build/Drinkly-all-target-headers.hmap -Xcc -iquote -Xcc /Users/yakupacar/Library/Developer/Xcode/DerivedData/Drinkly-avclcklxnzfdlmbvbosehlvocgfw/Build/Intermediates.noindex/Drinkly.build/Debug-iphonesimulator/Drinkly.build/Drinkly-project-headers.hmap -Xcc -I/Users/yakupacar/Library/Developer/Xcode/DerivedData/Drinkly-avclcklxnzfdlmbvbosehlvocgfw/Build/Products/Debug-iphonesimulator/include -Xcc -I/Users/yakupacar/Library/Developer/Xcode/DerivedData/Drinkly-avclcklxnzfdlmbvbosehlvocgfw/Build/Intermediates.noindex/Drinkly.build/Debug-iphonesimulator/Drinkly.build/DerivedSources-normal/arm64 -Xcc -I/Users/yakupacar/Library/Developer/Xcode/DerivedData/Drinkly-avclcklxnzfdlmbvbosehlvocgfw/Build/Intermediates.noindex/Drinkly.build/Debug-iphonesimulator/Drinkly.build/DerivedSources/arm64 -Xcc -I/Users/yakupacar/Library/Developer/Xcode/DerivedData/Drinkly-avclcklxnzfdlmbvbosehlvocgfw/Build/Intermediates.noindex/Drinkly.build/Debug-iphonesimulator/Drinkly.build/DerivedSources -Xcc -DDEBUG\=1 -emit-objc-header -emit-objc-header-path /Users/yakupacar/Library/Developer/Xcode/DerivedData/Drinkly-avclcklxnzfdlmbvbosehlvocgfw/Build/Intermediates.noindex/Drinkly.build/Debug-iphonesimulator/Drinkly.build/Objects-normal/arm64/Drinkly-Swift.h -working-directory /Users/yakupacar/Documents/Projects/Drinkly -experimental-emit-module-separately -disable-cmo

SwiftCompile normal arm64 Compiling\ ProgressCircleView.swift,\ HeaderView.swift,\ LiquidDrink.swift,\ Constants.swift /Users/yakupacar/Documents/Projects/Drinkly/Drinkly/Views/Components/ProgressCircleView.swift /Users/yakupacar/Documents/Projects/Drinkly/Drinkly/Views/Components/HeaderView.swift /Users/yakupacar/Documents/Projects/Drinkly/Drinkly/Models/LiquidDrink.swift /Users/yakupacar/Documents/Projects/Drinkly/Drinkly/Helpers/Constants.swift (in target 'Drinkly' from project 'Drinkly')
SwiftCompile normal arm64 /Users/yakupacar/Documents/Projects/Drinkly/Drinkly/Views/Components/ProgressCircleView.swift (in target 'Drinkly' from project 'Drinkly')
    cd /Users/yakupacar/Documents/Projects/Drinkly
    

SwiftCompile normal arm64 /Users/yakupacar/Documents/Projects/Drinkly/Drinkly/Views/Components/HeaderView.swift (in target 'Drinkly' from project 'Drinkly')
    cd /Users/yakupacar/Documents/Projects/Drinkly
    

SwiftCompile normal arm64 /Users/yakupacar/Documents/Projects/Drinkly/Drinkly/Models/LiquidDrink.swift (in target 'Drinkly' from project 'Drinkly')
    cd /Users/yakupacar/Documents/Projects/Drinkly
    

SwiftCompile normal arm64 /Users/yakupacar/Documents/Projects/Drinkly/Drinkly/Helpers/Constants.swift (in target 'Drinkly' from project 'Drinkly')
    cd /Users/yakupacar/Documents/Projects/Drinkly
    

SwiftEmitModule normal arm64 Emitting\ module\ for\ Drinkly (in target 'Drinkly' from project 'Drinkly')

EmitSwiftModule normal arm64 (in target 'Drinkly' from project 'Drinkly')
    cd /Users/yakupacar/Documents/Projects/Drinkly
    

SwiftCompile normal arm64 Compiling\ WaterDrink.swift,\ SmartWaterCalculator.swift,\ AddLiquidView.swift,\ CelebrationView.swift /Users/yakupacar/Documents/Projects/Drinkly/Drinkly/Models/WaterDrink.swift /Users/yakupacar/Documents/Projects/Drinkly/Drinkly/Services/SmartWaterCalculator.swift /Users/yakupacar/Documents/Projects/Drinkly/Drinkly/Views/Components/AddLiquidView.swift /Users/yakupacar/Documents/Projects/Drinkly/Drinkly/Views/CelebrationView.swift (in target 'Drinkly' from project 'Drinkly')

SwiftCompile normal arm64 /Users/yakupacar/Documents/Projects/Drinkly/Drinkly/Models/WaterDrink.swift (in target 'Drinkly' from project 'Drinkly')
    cd /Users/yakupacar/Documents/Projects/Drinkly
    

SwiftCompile normal arm64 /Users/yakupacar/Documents/Projects/Drinkly/Drinkly/Services/SmartWaterCalculator.swift (in target 'Drinkly' from project 'Drinkly')
    cd /Users/yakupacar/Documents/Projects/Drinkly
    

SwiftCompile normal arm64 /Users/yakupacar/Documents/Projects/Drinkly/Drinkly/Views/Components/AddLiquidView.swift (in target 'Drinkly' from project 'Drinkly')
    cd /Users/yakupacar/Documents/Projects/Drinkly
    

SwiftCompile normal arm64 /Users/yakupacar/Documents/Projects/Drinkly/Drinkly/Views/CelebrationView.swift (in target 'Drinkly' from project 'Drinkly')
    cd /Users/yakupacar/Documents/Projects/Drinkly
    

SwiftCompile normal arm64 Compiling\ AIReminderManager.swift,\ ProfileView.swift,\ ProfilePictureManager.swift,\ Achievement.swift /Users/yakupacar/Documents/Projects/Drinkly/Drinkly/ViewModels/AIReminderManager.swift /Users/yakupacar/Documents/Projects/Drinkly/Drinkly/Views/ProfileView.swift /Users/yakupacar/Documents/Projects/Drinkly/Drinkly/ViewModels/ProfilePictureManager.swift /Users/yakupacar/Documents/Projects/Drinkly/Drinkly/ViewModels/Achievement.swift (in target 'Drinkly' from project 'Drinkly')
SwiftCompile normal arm64 /Users/yakupacar/Documents/Projects/Drinkly/Drinkly/ViewModels/AIReminderManager.swift (in target 'Drinkly' from project 'Drinkly')
    cd /Users/yakupacar/Documents/Projects/Drinkly
    

SwiftCompile normal arm64 /Users/yakupacar/Documents/Projects/Drinkly/Drinkly/Views/ProfileView.swift (in target 'Drinkly' from project 'Drinkly')
    cd /Users/yakupacar/Documents/Projects/Drinkly
    

SwiftCompile normal arm64 /Users/yakupacar/Documents/Projects/Drinkly/Drinkly/ViewModels/ProfilePictureManager.swift (in target 'Drinkly' from project 'Drinkly')
    cd /Users/yakupacar/Documents/Projects/Drinkly
    

SwiftCompile normal arm64 /Users/yakupacar/Documents/Projects/Drinkly/Drinkly/ViewModels/Achievement.swift (in target 'Drinkly' from project 'Drinkly')
    cd /Users/yakupacar/Documents/Projects/Drinkly
    

SwiftCompile normal arm64 Compiling\ DrinklyApp.swift,\ NotificationManager.swift,\ WeatherManager.swift,\ SmartReminder.swift /Users/yakupacar/Documents/Projects/Drinkly/Drinkly/App/DrinklyApp.swift /Users/yakupacar/Documents/Projects/Drinkly/Drinkly/ViewModels/NotificationManager.swift /Users/yakupacar/Documents/Projects/Drinkly/Drinkly/ViewModels/WeatherManager.swift /Users/yakupacar/Documents/Projects/Drinkly/Drinkly/ViewModels/SmartReminder.swift (in target 'Drinkly' from project 'Drinkly')

SwiftCompile normal arm64 /Users/yakupacar/Documents/Projects/Drinkly/Drinkly/App/DrinklyApp.swift (in target 'Drinkly' from project 'Drinkly')
    cd /Users/yakupacar/Documents/Projects/Drinkly
    

SwiftCompile normal arm64 /Users/yakupacar/Documents/Projects/Drinkly/Drinkly/ViewModels/NotificationManager.swift (in target 'Drinkly' from project 'Drinkly')
    cd /Users/yakupacar/Documents/Projects/Drinkly
    

SwiftCompile normal arm64 /Users/yakupacar/Documents/Projects/Drinkly/Drinkly/ViewModels/WeatherManager.swift (in target 'Drinkly' from project 'Drinkly')
    cd /Users/yakupacar/Documents/Projects/Drinkly
    

SwiftCompile normal arm64 /Users/yakupacar/Documents/Projects/Drinkly/Drinkly/ViewModels/SmartReminder.swift (in target 'Drinkly' from project 'Drinkly')
    cd /Users/yakupacar/Documents/Projects/Drinkly
    

SwiftCompile normal arm64 Compiling\ TodayLogView.swift,\ MainView.swift,\ PerformanceMonitor.swift,\ UserProfile.swift /Users/yakupacar/Documents/Projects/Drinkly/Drinkly/Views/Components/TodayLogView.swift /Users/yakupacar/Documents/Projects/Drinkly/Drinkly/Views/MainView.swift /Users/yakupacar/Documents/Projects/Drinkly/Drinkly/Helpers/PerformanceMonitor.swift /Users/yakupacar/Documents/Projects/Drinkly/Drinkly/Models/UserProfile.swift (in target 'Drinkly' from project 'Drinkly')
SwiftCompile normal arm64 /Users/yakupacar/Documents/Projects/Drinkly/Drinkly/Views/Components/TodayLogView.swift (in target 'Drinkly' from project 'Drinkly')
    cd /Users/yakupacar/Documents/Projects/Drinkly
    

SwiftCompile normal arm64 /Users/yakupacar/Documents/Projects/Drinkly/Drinkly/Views/MainView.swift (in target 'Drinkly' from project 'Drinkly')
    cd /Users/yakupacar/Documents/Projects/Drinkly
    

SwiftCompile normal arm64 /Users/yakupacar/Documents/Projects/Drinkly/Drinkly/Helpers/PerformanceMonitor.swift (in target 'Drinkly' from project 'Drinkly')
    cd /Users/yakupacar/Documents/Projects/Drinkly
    

SwiftCompile normal arm64 /Users/yakupacar/Documents/Projects/Drinkly/Drinkly/Models/UserProfile.swift (in target 'Drinkly' from project 'Drinkly')
    cd /Users/yakupacar/Documents/Projects/Drinkly
    

SwiftCompile normal arm64 Compiling\ AIWaterPredictor.swift,\ SettingsView.swift,\ AnalyticsManager.swift,\ View+Extensions.swift,\ DrinkingPattern.swift /Users/yakupacar/Documents/Projects/Drinkly/Drinkly/ViewModels/AIWaterPredictor.swift /Users/yakupacar/Documents/Projects/Drinkly/Drinkly/Views/SettingsView.swift /Users/yakupacar/Documents/Projects/Drinkly/Drinkly/ViewModels/AnalyticsManager.swift /Users/yakupacar/Documents/Projects/Drinkly/Drinkly/Extensions/View+Extensions.swift /Users/yakupacar/Documents/Projects/Drinkly/Drinkly/Models/DrinkingPattern.swift (in target 'Drinkly' from project 'Drinkly')

SwiftCompile normal arm64 /Users/yakupacar/Documents/Projects/Drinkly/Drinkly/ViewModels/AIWaterPredictor.swift (in target 'Drinkly' from project 'Drinkly')
    cd /Users/yakupacar/Documents/Projects/Drinkly
    

SwiftCompile normal arm64 /Users/yakupacar/Documents/Projects/Drinkly/Drinkly/Views/SettingsView.swift (in target 'Drinkly' from project 'Drinkly')
    cd /Users/yakupacar/Documents/Projects/Drinkly
    

SwiftCompile normal arm64 /Users/yakupacar/Documents/Projects/Drinkly/Drinkly/ViewModels/AnalyticsManager.swift (in target 'Drinkly' from project 'Drinkly')
    cd /Users/yakupacar/Documents/Projects/Drinkly
    

SwiftCompile normal arm64 /Users/yakupacar/Documents/Projects/Drinkly/Drinkly/Extensions/View+Extensions.swift (in target 'Drinkly' from project 'Drinkly')
    cd /Users/yakupacar/Documents/Projects/Drinkly
    

SwiftCompile normal arm64 /Users/yakupacar/Documents/Projects/Drinkly/Drinkly/Models/DrinkingPattern.swift (in target 'Drinkly' from project 'Drinkly')
    cd /Users/yakupacar/Documents/Projects/Drinkly
    

SwiftCompile normal arm64 Compiling\ ChartManager.swift,\ StatisticsView.swift,\ AIReminderSuggestionView.swift,\ LocationManager.swift,\ WaterManager.swift /Users/yakupacar/Documents/Projects/Drinkly/Drinkly/Views/Components/ChartManager.swift /Users/yakupacar/Documents/Projects/Drinkly/Drinkly/Views/StatisticsView.swift /Users/yakupacar/Documents/Projects/Drinkly/Drinkly/Views/Components/AIReminderSuggestionView.swift /Users/yakupacar/Documents/Projects/Drinkly/Drinkly/ViewModels/LocationManager.swift /Users/yakupacar/Documents/Projects/Drinkly/Drinkly/ViewModels/WaterManager.swift (in target 'Drinkly' from project 'Drinkly')

SwiftCompile normal arm64 /Users/yakupacar/Documents/Projects/Drinkly/Drinkly/Views/Components/ChartManager.swift (in target 'Drinkly' from project 'Drinkly')
    cd /Users/yakupacar/Documents/Projects/Drinkly
    

SwiftCompile normal arm64 /Users/yakupacar/Documents/Projects/Drinkly/Drinkly/Views/StatisticsView.swift (in target 'Drinkly' from project 'Drinkly')
    cd /Users/yakupacar/Documents/Projects/Drinkly
    

SwiftCompile normal arm64 /Users/yakupacar/Documents/Projects/Drinkly/Drinkly/Views/Components/AIReminderSuggestionView.swift (in target 'Drinkly' from project 'Drinkly')
    cd /Users/yakupacar/Documents/Projects/Drinkly
    

SwiftCompile normal arm64 /Users/yakupacar/Documents/Projects/Drinkly/Drinkly/ViewModels/LocationManager.swift (in target 'Drinkly' from project 'Drinkly')
    cd /Users/yakupacar/Documents/Projects/Drinkly
    

SwiftCompile normal arm64 /Users/yakupacar/Documents/Projects/Drinkly/Drinkly/ViewModels/WaterManager.swift (in target 'Drinkly' from project 'Drinkly')
    cd /Users/yakupacar/Documents/Projects/Drinkly
    

SwiftCompile normal arm64 Compiling\ SmartRemindersView.swift,\ Color+Extensions.swift,\ BackgroundTaskManager.swift,\ HydrationHistory.swift,\ LiquidManager.swift /Users/yakupacar/Documents/Projects/Drinkly/Drinkly/Views/SmartRemindersView.swift /Users/yakupacar/Documents/Projects/Drinkly/Drinkly/Extensions/Color+Extensions.swift /Users/yakupacar/Documents/Projects/Drinkly/Drinkly/ViewModels/BackgroundTaskManager.swift /Users/yakupacar/Documents/Projects/Drinkly/Drinkly/Models/HydrationHistory.swift /Users/yakupacar/Documents/Projects/Drinkly/Drinkly/ViewModels/LiquidManager.swift (in target 'Drinkly' from project 'Drinkly')

SwiftCompile normal arm64 /Users/yakupacar/Documents/Projects/Drinkly/Drinkly/Views/SmartRemindersView.swift (in target 'Drinkly' from project 'Drinkly')
    cd /Users/yakupacar/Documents/Projects/Drinkly
    

SwiftCompile normal arm64 /Users/yakupacar/Documents/Projects/Drinkly/Drinkly/Extensions/Color+Extensions.swift (in target 'Drinkly' from project 'Drinkly')
    cd /Users/yakupacar/Documents/Projects/Drinkly
    

SwiftCompile normal arm64 /Users/yakupacar/Documents/Projects/Drinkly/Drinkly/ViewModels/BackgroundTaskManager.swift (in target 'Drinkly' from project 'Drinkly')
    cd /Users/yakupacar/Documents/Projects/Drinkly
    

SwiftCompile normal arm64 /Users/yakupacar/Documents/Projects/Drinkly/Drinkly/Models/HydrationHistory.swift (in target 'Drinkly' from project 'Drinkly')
    cd /Users/yakupacar/Documents/Projects/Drinkly
    

SwiftCompile normal arm64 /Users/yakupacar/Documents/Projects/Drinkly/Drinkly/ViewModels/LiquidManager.swift (in target 'Drinkly' from project 'Drinkly')
    cd /Users/yakupacar/Documents/Projects/Drinkly
    

SwiftCompile normal arm64 Compiling\ ThemeManager.swift,\ WeatherDisplayView.swift,\ AchievementsView.swift,\ DrinkOptionsView.swift /Users/yakupacar/Documents/Projects/Drinkly/Drinkly/ViewModels/ThemeManager.swift /Users/yakupacar/Documents/Projects/Drinkly/Drinkly/Views/Components/WeatherDisplayView.swift /Users/yakupacar/Documents/Projects/Drinkly/Drinkly/Views/AchievementsView.swift /Users/yakupacar/Documents/Projects/Drinkly/Drinkly/Views/DrinkOptionsView.swift (in target 'Drinkly' from project 'Drinkly')

SwiftCompile normal arm64 /Users/yakupacar/Documents/Projects/Drinkly/Drinkly/ViewModels/ThemeManager.swift (in target 'Drinkly' from project 'Drinkly')
    cd /Users/yakupacar/Documents/Projects/Drinkly
    

SwiftCompile normal arm64 /Users/yakupacar/Documents/Projects/Drinkly/Drinkly/Views/Components/WeatherDisplayView.swift (in target 'Drinkly' from project 'Drinkly')
    cd /Users/yakupacar/Documents/Projects/Drinkly
    

SwiftCompile normal arm64 /Users/yakupacar/Documents/Projects/Drinkly/Drinkly/Views/AchievementsView.swift (in target 'Drinkly' from project 'Drinkly')
    cd /Users/yakupacar/Documents/Projects/Drinkly
    

SwiftCompile normal arm64 /Users/yakupacar/Documents/Projects/Drinkly/Drinkly/Views/DrinkOptionsView.swift (in target 'Drinkly' from project 'Drinkly')
    cd /Users/yakupacar/Documents/Projects/Drinkly
    

LinkAssetCatalog /Users/yakupacar/Documents/Projects/Drinkly/Drinkly/Assets.xcassets (in target 'Drinkly' from project 'Drinkly')
    cd /Users/yakupacar/Documents/Projects/Drinkly
    builtin-linkAssetCatalog --thinned /Users/yakupacar/Library/Developer/Xcode/DerivedData/Drinkly-avclcklxnzfdlmbvbosehlvocgfw/Build/Intermediates.noindex/Drinkly.build/Debug-iphonesimulator/Drinkly.build/assetcatalog_output/thinned --thinned-dependencies /Users/yakupacar/Library/Developer/Xcode/DerivedData/Drinkly-avclcklxnzfdlmbvbosehlvocgfw/Build/Intermediates.noindex/Drinkly.build/Debug-iphonesimulator/Drinkly.build/assetcatalog_dependencies_thinned --thinned-info-plist-content /Users/yakupacar/Library/Developer/Xcode/DerivedData/Drinkly-avclcklxnzfdlmbvbosehlvocgfw/Build/Intermediates.noindex/Drinkly.build/Debug-iphonesimulator/Drinkly.build/assetcatalog_generated_info.plist_thinned --unthinned /Users/yakupacar/Library/Developer/Xcode/DerivedData/Drinkly-avclcklxnzfdlmbvbosehlvocgfw/Build/Intermediates.noindex/Drinkly.build/Debug-iphonesimulator/Drinkly.build/assetcatalog_output/unthinned --unthinned-dependencies /Users/yakupacar/Library/Developer/Xcode/DerivedData/Drinkly-avclcklxnzfdlmbvbosehlvocgfw/Build/Intermediates.noindex/Drinkly.build/Debug-iphonesimulator/Drinkly.build/assetcatalog_dependencies_unthinned --unthinned-info-plist-content /Users/yakupacar/Library/Developer/Xcode/DerivedData/Drinkly-avclcklxnzfdlmbvbosehlvocgfw/Build/Intermediates.noindex/Drinkly.build/Debug-iphonesimulator/Drinkly.build/assetcatalog_generated_info.plist_unthinned --output /Users/yakupacar/Library/Developer/Xcode/DerivedData/Drinkly-avclcklxnzfdlmbvbosehlvocgfw/Build/Products/Debug-iphonesimulator/Drinkly.app --plist-output /Users/yakupacar/Library/Developer/Xcode/DerivedData/Drinkly-avclcklxnzfdlmbvbosehlvocgfw/Build/Intermediates.noindex/Drinkly.build/Debug-iphonesimulator/Drinkly.build/assetcatalog_generated_info.plist
note: Emplaced /Users/yakupacar/Library/Developer/Xcode/DerivedData/Drinkly-avclcklxnzfdlmbvbosehlvocgfw/Build/Products/Debug-iphonesimulator/Drinkly.app/AppIcon76x76@2x~ipad.png (in target 'Drinkly' from project 'Drinkly')
note: Emplaced /Users/yakupacar/Library/Developer/Xcode/DerivedData/Drinkly-avclcklxnzfdlmbvbosehlvocgfw/Build/Products/Debug-iphonesimulator/Drinkly.app/AppIcon60x60@2x.png (in target 'Drinkly' from project 'Drinkly')
note: Emplaced /Users/yakupacar/Library/Developer/Xcode/DerivedData/Drinkly-avclcklxnzfdlmbvbosehlvocgfw/Build/Products/Debug-iphonesimulator/Drinkly.app/Assets.car (in target 'Drinkly' from project 'Drinkly')

SwiftDriverJobDiscovery normal arm64 Emitting module for Drinkly (in target 'Drinkly' from project 'Drinkly')

SwiftDriver\ Compilation\ Requirements Drinkly normal arm64 com.apple.xcode.tools.swift.compiler (in target 'Drinkly' from project 'Drinkly')
    cd /Users/yakupacar/Documents/Projects/Drinkly
    builtin-Swift-Compilation-Requirements -- /Applications/Xcode.app/Contents/Developer/Toolchains/XcodeDefault.xctoolchain/usr/bin/swiftc -module-name Drinkly -Onone -enforce-exclusivity\=checked @/Users/yakupacar/Library/Developer/Xcode/DerivedData/Drinkly-avclcklxnzfdlmbvbosehlvocgfw/Build/Intermediates.noindex/Drinkly.build/Debug-iphonesimulator/Drinkly.build/Objects-normal/arm64/Drinkly.SwiftFileList -DDEBUG -enable-bare-slash-regex -enable-experimental-feature DebugDescriptionMacro -sdk /Applications/Xcode.app/Contents/Developer/Platforms/iPhoneSimulator.platform/Developer/SDKs/iPhoneSimulator18.5.sdk -target arm64-apple-ios18.5-simulator -g -module-cache-path /Users/yakupacar/Library/Developer/Xcode/DerivedData/ModuleCache.noindex -Xfrontend -serialize-debugging-options -profile-coverage-mapping -profile-generate -enable-testing -index-store-path /Users/yakupacar/Library/Developer/Xcode/DerivedData/Drinkly-avclcklxnzfdlmbvbosehlvocgfw/Index.noindex/DataStore -swift-version 5 -I /Users/yakupacar/Library/Developer/Xcode/DerivedData/Drinkly-avclcklxnzfdlmbvbosehlvocgfw/Build/Products/Debug-iphonesimulator -F /Users/yakupacar/Library/Developer/Xcode/DerivedData/Drinkly-avclcklxnzfdlmbvbosehlvocgfw/Build/Products/Debug-iphonesimulator -emit-localized-strings -emit-localized-strings-path /Users/yakupacar/Library/Developer/Xcode/DerivedData/Drinkly-avclcklxnzfdlmbvbosehlvocgfw/Build/Intermediates.noindex/Drinkly.build/Debug-iphonesimulator/Drinkly.build/Objects-normal/arm64 -c -j10 -enable-batch-mode -incremental -Xcc -ivfsstatcache -Xcc /Users/yakupacar/Library/Developer/Xcode/DerivedData/SDKStatCaches.noindex/iphonesimulator18.5-22F76-d5fc8ad4295d2ef488fb7d0f804ce0c4.sdkstatcache -output-file-map /Users/yakupacar/Library/Developer/Xcode/DerivedData/Drinkly-avclcklxnzfdlmbvbosehlvocgfw/Build/Intermediates.noindex/Drinkly.build/Debug-iphonesimulator/Drinkly.build/Objects-normal/arm64/Drinkly-OutputFileMap.json -use-frontend-parseable-output -save-temps -no-color-diagnostics -serialize-diagnostics -emit-dependencies -emit-module -emit-module-path /Users/yakupacar/Library/Developer/Xcode/DerivedData/Drinkly-avclcklxnzfdlmbvbosehlvocgfw/Build/Intermediates.noindex/Drinkly.build/Debug-iphonesimulator/Drinkly.build/Objects-normal/arm64/Drinkly.swiftmodule -validate-clang-modules-once -clang-build-session-file /Users/yakupacar/Library/Developer/Xcode/DerivedData/ModuleCache.noindex/Session.modulevalidation -Xcc -I/Users/yakupacar/Library/Developer/Xcode/DerivedData/Drinkly-avclcklxnzfdlmbvbosehlvocgfw/Build/Intermediates.noindex/Drinkly.build/Debug-iphonesimulator/Drinkly.build/swift-overrides.hmap -emit-const-values -Xfrontend -const-gather-protocols-file -Xfrontend /Users/yakupacar/Library/Developer/Xcode/DerivedData/Drinkly-avclcklxnzfdlmbvbosehlvocgfw/Build/Intermediates.noindex/Drinkly.build/Debug-iphonesimulator/Drinkly.build/Objects-normal/arm64/Drinkly_const_extract_protocols.json -Xcc -iquote -Xcc /Users/yakupacar/Library/Developer/Xcode/DerivedData/Drinkly-avclcklxnzfdlmbvbosehlvocgfw/Build/Intermediates.noindex/Drinkly.build/Debug-iphonesimulator/Drinkly.build/Drinkly-generated-files.hmap -Xcc -I/Users/yakupacar/Library/Developer/Xcode/DerivedData/Drinkly-avclcklxnzfdlmbvbosehlvocgfw/Build/Intermediates.noindex/Drinkly.build/Debug-iphonesimulator/Drinkly.build/Drinkly-own-target-headers.hmap -Xcc -I/Users/yakupacar/Library/Developer/Xcode/DerivedData/Drinkly-avclcklxnzfdlmbvbosehlvocgfw/Build/Intermediates.noindex/Drinkly.build/Debug-iphonesimulator/Drinkly.build/Drinkly-all-target-headers.hmap -Xcc -iquote -Xcc /Users/yakupacar/Library/Developer/Xcode/DerivedData/Drinkly-avclcklxnzfdlmbvbosehlvocgfw/Build/Intermediates.noindex/Drinkly.build/Debug-iphonesimulator/Drinkly.build/Drinkly-project-headers.hmap -Xcc -I/Users/yakupacar/Library/Developer/Xcode/DerivedData/Drinkly-avclcklxnzfdlmbvbosehlvocgfw/Build/Products/Debug-iphonesimulator/include -Xcc -I/Users/yakupacar/Library/Developer/Xcode/DerivedData/Drinkly-avclcklxnzfdlmbvbosehlvocgfw/Build/Intermediates.noindex/Drinkly.build/Debug-iphonesimulator/Drinkly.build/DerivedSources-normal/arm64 -Xcc -I/Users/yakupacar/Library/Developer/Xcode/DerivedData/Drinkly-avclcklxnzfdlmbvbosehlvocgfw/Build/Intermediates.noindex/Drinkly.build/Debug-iphonesimulator/Drinkly.build/DerivedSources/arm64 -Xcc -I/Users/yakupacar/Library/Developer/Xcode/DerivedData/Drinkly-avclcklxnzfdlmbvbosehlvocgfw/Build/Intermediates.noindex/Drinkly.build/Debug-iphonesimulator/Drinkly.build/DerivedSources -Xcc -DDEBUG\=1 -emit-objc-header -emit-objc-header-path /Users/yakupacar/Library/Developer/Xcode/DerivedData/Drinkly-avclcklxnzfdlmbvbosehlvocgfw/Build/Intermediates.noindex/Drinkly.build/Debug-iphonesimulator/Drinkly.build/Objects-normal/arm64/Drinkly-Swift.h -working-directory /Users/yakupacar/Documents/Projects/Drinkly -experimental-emit-module-separately -disable-cmo

ProcessInfoPlistFile /Users/yakupacar/Library/Developer/Xcode/DerivedData/Drinkly-avclcklxnzfdlmbvbosehlvocgfw/Build/Products/Debug-iphonesimulator/Drinkly.app/Info.plist /Users/yakupacar/Documents/Projects/Drinkly/Drinkly/Info.plist (in target 'Drinkly' from project 'Drinkly')
    cd /Users/yakupacar/Documents/Projects/Drinkly
    builtin-infoPlistUtility /Users/yakupacar/Documents/Projects/Drinkly/Drinkly/Info.plist -producttype com.apple.product-type.application -genpkginfo /Users/yakupacar/Library/Developer/Xcode/DerivedData/Drinkly-avclcklxnzfdlmbvbosehlvocgfw/Build/Products/Debug-iphonesimulator/Drinkly.app/PkgInfo -expandbuildsettings -format binary -platform iphonesimulator -additionalcontentfile /Users/yakupacar/Library/Developer/Xcode/DerivedData/Drinkly-avclcklxnzfdlmbvbosehlvocgfw/Build/Intermediates.noindex/Drinkly.build/Debug-iphonesimulator/Drinkly.build/assetcatalog_generated_info.plist -o /Users/yakupacar/Library/Developer/Xcode/DerivedData/Drinkly-avclcklxnzfdlmbvbosehlvocgfw/Build/Products/Debug-iphonesimulator/Drinkly.app/Info.plist

SwiftMergeGeneratedHeaders /Users/yakupacar/Library/Developer/Xcode/DerivedData/Drinkly-avclcklxnzfdlmbvbosehlvocgfw/Build/Intermediates.noindex/Drinkly.build/Debug-iphonesimulator/Drinkly.build/DerivedSources/Drinkly-Swift.h /Users/yakupacar/Library/Developer/Xcode/DerivedData/Drinkly-avclcklxnzfdlmbvbosehlvocgfw/Build/Intermediates.noindex/Drinkly.build/Debug-iphonesimulator/Drinkly.build/Objects-normal/arm64/Drinkly-Swift.h (in target 'Drinkly' from project 'Drinkly')
    cd /Users/yakupacar/Documents/Projects/Drinkly
    builtin-swiftHeaderTool -arch arm64 /Users/yakupacar/Library/Developer/Xcode/DerivedData/Drinkly-avclcklxnzfdlmbvbosehlvocgfw/Build/Intermediates.noindex/Drinkly.build/Debug-iphonesimulator/Drinkly.build/Objects-normal/arm64/Drinkly-Swift.h -o /Users/yakupacar/Library/Developer/Xcode/DerivedData/Drinkly-avclcklxnzfdlmbvbosehlvocgfw/Build/Intermediates.noindex/Drinkly.build/Debug-iphonesimulator/Drinkly.build/DerivedSources/Drinkly-Swift.h

Copy /Users/yakupacar/Library/Developer/Xcode/DerivedData/Drinkly-avclcklxnzfdlmbvbosehlvocgfw/Build/Products/Debug-iphonesimulator/Drinkly.swiftmodule/arm64-apple-ios-simulator.swiftmodule /Users/yakupacar/Library/Developer/Xcode/DerivedData/Drinkly-avclcklxnzfdlmbvbosehlvocgfw/Build/Intermediates.noindex/Drinkly.build/Debug-iphonesimulator/Drinkly.build/Objects-normal/arm64/Drinkly.swiftmodule (in target 'Drinkly' from project 'Drinkly')
    cd /Users/yakupacar/Documents/Projects/Drinkly
    builtin-copy -exclude .DS_Store -exclude CVS -exclude .svn -exclude .git -exclude .hg -resolve-src-symlinks -rename /Users/yakupacar/Library/Developer/Xcode/DerivedData/Drinkly-avclcklxnzfdlmbvbosehlvocgfw/Build/Intermediates.noindex/Drinkly.build/Debug-iphonesimulator/Drinkly.build/Objects-normal/arm64/Drinkly.swiftmodule /Users/yakupacar/Library/Developer/Xcode/DerivedData/Drinkly-avclcklxnzfdlmbvbosehlvocgfw/Build/Products/Debug-iphonesimulator/Drinkly.swiftmodule/arm64-apple-ios-simulator.swiftmodule

Copy /Users/yakupacar/Library/Developer/Xcode/DerivedData/Drinkly-avclcklxnzfdlmbvbosehlvocgfw/Build/Products/Debug-iphonesimulator/Drinkly.swiftmodule/arm64-apple-ios-simulator.swiftdoc /Users/yakupacar/Library/Developer/Xcode/DerivedData/Drinkly-avclcklxnzfdlmbvbosehlvocgfw/Build/Intermediates.noindex/Drinkly.build/Debug-iphonesimulator/Drinkly.build/Objects-normal/arm64/Drinkly.swiftdoc (in target 'Drinkly' from project 'Drinkly')
    cd /Users/yakupacar/Documents/Projects/Drinkly
    builtin-copy -exclude .DS_Store -exclude CVS -exclude .svn -exclude .git -exclude .hg -resolve-src-symlinks -rename /Users/yakupacar/Library/Developer/Xcode/DerivedData/Drinkly-avclcklxnzfdlmbvbosehlvocgfw/Build/Intermediates.noindex/Drinkly.build/Debug-iphonesimulator/Drinkly.build/Objects-normal/arm64/Drinkly.swiftdoc /Users/yakupacar/Library/Developer/Xcode/DerivedData/Drinkly-avclcklxnzfdlmbvbosehlvocgfw/Build/Products/Debug-iphonesimulator/Drinkly.swiftmodule/arm64-apple-ios-simulator.swiftdoc

Copy /Users/yakupacar/Library/Developer/Xcode/DerivedData/Drinkly-avclcklxnzfdlmbvbosehlvocgfw/Build/Products/Debug-iphonesimulator/Drinkly.swiftmodule/arm64-apple-ios-simulator.abi.json /Users/yakupacar/Library/Developer/Xcode/DerivedData/Drinkly-avclcklxnzfdlmbvbosehlvocgfw/Build/Intermediates.noindex/Drinkly.build/Debug-iphonesimulator/Drinkly.build/Objects-normal/arm64/Drinkly.abi.json (in target 'Drinkly' from project 'Drinkly')
    cd /Users/yakupacar/Documents/Projects/Drinkly
    builtin-copy -exclude .DS_Store -exclude CVS -exclude .svn -exclude .git -exclude .hg -resolve-src-symlinks -rename /Users/yakupacar/Library/Developer/Xcode/DerivedData/Drinkly-avclcklxnzfdlmbvbosehlvocgfw/Build/Intermediates.noindex/Drinkly.build/Debug-iphonesimulator/Drinkly.build/Objects-normal/arm64/Drinkly.abi.json /Users/yakupacar/Library/Developer/Xcode/DerivedData/Drinkly-avclcklxnzfdlmbvbosehlvocgfw/Build/Products/Debug-iphonesimulator/Drinkly.swiftmodule/arm64-apple-ios-simulator.abi.json

Copy /Users/yakupacar/Library/Developer/Xcode/DerivedData/Drinkly-avclcklxnzfdlmbvbosehlvocgfw/Build/Products/Debug-iphonesimulator/Drinkly.swiftmodule/Project/arm64-apple-ios-simulator.swiftsourceinfo /Users/yakupacar/Library/Developer/Xcode/DerivedData/Drinkly-avclcklxnzfdlmbvbosehlvocgfw/Build/Intermediates.noindex/Drinkly.build/Debug-iphonesimulator/Drinkly.build/Objects-normal/arm64/Drinkly.swiftsourceinfo (in target 'Drinkly' from project 'Drinkly')
    cd /Users/yakupacar/Documents/Projects/Drinkly
    builtin-copy -exclude .DS_Store -exclude CVS -exclude .svn -exclude .git -exclude .hg -resolve-src-symlinks -rename /Users/yakupacar/Library/Developer/Xcode/DerivedData/Drinkly-avclcklxnzfdlmbvbosehlvocgfw/Build/Intermediates.noindex/Drinkly.build/Debug-iphonesimulator/Drinkly.build/Objects-normal/arm64/Drinkly.swiftsourceinfo /Users/yakupacar/Library/Developer/Xcode/DerivedData/Drinkly-avclcklxnzfdlmbvbosehlvocgfw/Build/Products/Debug-iphonesimulator/Drinkly.swiftmodule/Project/arm64-apple-ios-simulator.swiftsourceinfo

SwiftCompile normal arm64 Compiling\ NotificationSoundPicker.swift,\ AddWaterButton.swift,\ MotivationView.swift,\ GeneratedAssetSymbols.swift /Users/yakupacar/Documents/Projects/Drinkly/Drinkly/Views/Components/NotificationSoundPicker.swift /Users/yakupacar/Documents/Projects/Drinkly/Drinkly/Views/Components/AddWaterButton.swift /Users/yakupacar/Documents/Projects/Drinkly/Drinkly/Views/Components/MotivationView.swift /Users/yakupacar/Library/Developer/Xcode/DerivedData/Drinkly-avclcklxnzfdlmbvbosehlvocgfw/Build/Intermediates.noindex/Drinkly.build/Debug-iphonesimulator/Drinkly.build/DerivedSources/GeneratedAssetSymbols.swift (in target 'Drinkly' from project 'Drinkly')

SwiftCompile normal arm64 /Users/yakupacar/Documents/Projects/Drinkly/Drinkly/Views/Components/NotificationSoundPicker.swift (in target 'Drinkly' from project 'Drinkly')
    cd /Users/yakupacar/Documents/Projects/Drinkly
    

SwiftCompile normal arm64 /Users/yakupacar/Documents/Projects/Drinkly/Drinkly/Views/Components/AddWaterButton.swift (in target 'Drinkly' from project 'Drinkly')
    cd /Users/yakupacar/Documents/Projects/Drinkly
    

SwiftCompile normal arm64 /Users/yakupacar/Documents/Projects/Drinkly/Drinkly/Views/Components/MotivationView.swift (in target 'Drinkly' from project 'Drinkly')
    cd /Users/yakupacar/Documents/Projects/Drinkly
    

SwiftCompile normal arm64 /Users/yakupacar/Library/Developer/Xcode/DerivedData/Drinkly-avclcklxnzfdlmbvbosehlvocgfw/Build/Intermediates.noindex/Drinkly.build/Debug-iphonesimulator/Drinkly.build/DerivedSources/GeneratedAssetSymbols.swift (in target 'Drinkly' from project 'Drinkly')
    cd /Users/yakupacar/Documents/Projects/Drinkly
    

SwiftDriverJobDiscovery normal arm64 Compiling WaterDrink.swift, SmartWaterCalculator.swift, AddLiquidView.swift, CelebrationView.swift (in target 'Drinkly' from project 'Drinkly')

SwiftDriverJobDiscovery normal arm64 Compiling ProgressCircleView.swift, HeaderView.swift, LiquidDrink.swift, Constants.swift (in target 'Drinkly' from project 'Drinkly')

SwiftDriverJobDiscovery normal arm64 Compiling DrinklyApp.swift, NotificationManager.swift, WeatherManager.swift, SmartReminder.swift (in target 'Drinkly' from project 'Drinkly')

SwiftDriverJobDiscovery normal arm64 Compiling NotificationSoundPicker.swift, AddWaterButton.swift, MotivationView.swift, GeneratedAssetSymbols.swift (in target 'Drinkly' from project 'Drinkly')

SwiftDriverJobDiscovery normal arm64 Compiling AIWaterPredictor.swift, SettingsView.swift, AnalyticsManager.swift, View+Extensions.swift, DrinkingPattern.swift (in target 'Drinkly' from project 'Drinkly')

SwiftDriverJobDiscovery normal arm64 Compiling ThemeManager.swift, WeatherDisplayView.swift, AchievementsView.swift, DrinkOptionsView.swift (in target 'Drinkly' from project 'Drinkly')

SwiftDriverJobDiscovery normal arm64 Compiling AIReminderManager.swift, ProfileView.swift, ProfilePictureManager.swift, Achievement.swift (in target 'Drinkly' from project 'Drinkly')

SwiftDriverJobDiscovery normal arm64 Compiling ChartManager.swift, StatisticsView.swift, AIReminderSuggestionView.swift, LocationManager.swift, WaterManager.swift (in target 'Drinkly' from project 'Drinkly')

SwiftDriverJobDiscovery normal arm64 Compiling SmartRemindersView.swift, Color+Extensions.swift, BackgroundTaskManager.swift, HydrationHistory.swift, LiquidManager.swift (in target 'Drinkly' from project 'Drinkly')

SwiftDriverJobDiscovery normal arm64 Compiling TodayLogView.swift, MainView.swift, PerformanceMonitor.swift, UserProfile.swift (in target 'Drinkly' from project 'Drinkly')

SwiftDriver\ Compilation Drinkly normal arm64 com.apple.xcode.tools.swift.compiler (in target 'Drinkly' from project 'Drinkly')
    cd /Users/yakupacar/Documents/Projects/Drinkly
    builtin-Swift-Compilation -- /Applications/Xcode.app/Contents/Developer/Toolchains/XcodeDefault.xctoolchain/usr/bin/swiftc -module-name Drinkly -Onone -enforce-exclusivity\=checked @/Users/yakupacar/Library/Developer/Xcode/DerivedData/Drinkly-avclcklxnzfdlmbvbosehlvocgfw/Build/Intermediates.noindex/Drinkly.build/Debug-iphonesimulator/Drinkly.build/Objects-normal/arm64/Drinkly.SwiftFileList -DDEBUG -enable-bare-slash-regex -enable-experimental-feature DebugDescriptionMacro -sdk /Applications/Xcode.app/Contents/Developer/Platforms/iPhoneSimulator.platform/Developer/SDKs/iPhoneSimulator18.5.sdk -target arm64-apple-ios18.5-simulator -g -module-cache-path /Users/yakupacar/Library/Developer/Xcode/DerivedData/ModuleCache.noindex -Xfrontend -serialize-debugging-options -profile-coverage-mapping -profile-generate -enable-testing -index-store-path /Users/yakupacar/Library/Developer/Xcode/DerivedData/Drinkly-avclcklxnzfdlmbvbosehlvocgfw/Index.noindex/DataStore -swift-version 5 -I /Users/yakupacar/Library/Developer/Xcode/DerivedData/Drinkly-avclcklxnzfdlmbvbosehlvocgfw/Build/Products/Debug-iphonesimulator -F /Users/yakupacar/Library/Developer/Xcode/DerivedData/Drinkly-avclcklxnzfdlmbvbosehlvocgfw/Build/Products/Debug-iphonesimulator -emit-localized-strings -emit-localized-strings-path /Users/yakupacar/Library/Developer/Xcode/DerivedData/Drinkly-avclcklxnzfdlmbvbosehlvocgfw/Build/Intermediates.noindex/Drinkly.build/Debug-iphonesimulator/Drinkly.build/Objects-normal/arm64 -c -j10 -enable-batch-mode -incremental -Xcc -ivfsstatcache -Xcc /Users/yakupacar/Library/Developer/Xcode/DerivedData/SDKStatCaches.noindex/iphonesimulator18.5-22F76-d5fc8ad4295d2ef488fb7d0f804ce0c4.sdkstatcache -output-file-map /Users/yakupacar/Library/Developer/Xcode/DerivedData/Drinkly-avclcklxnzfdlmbvbosehlvocgfw/Build/Intermediates.noindex/Drinkly.build/Debug-iphonesimulator/Drinkly.build/Objects-normal/arm64/Drinkly-OutputFileMap.json -use-frontend-parseable-output -save-temps -no-color-diagnostics -serialize-diagnostics -emit-dependencies -emit-module -emit-module-path /Users/yakupacar/Library/Developer/Xcode/DerivedData/Drinkly-avclcklxnzfdlmbvbosehlvocgfw/Build/Intermediates.noindex/Drinkly.build/Debug-iphonesimulator/Drinkly.build/Objects-normal/arm64/Drinkly.swiftmodule -validate-clang-modules-once -clang-build-session-file /Users/yakupacar/Library/Developer/Xcode/DerivedData/ModuleCache.noindex/Session.modulevalidation -Xcc -I/Users/yakupacar/Library/Developer/Xcode/DerivedData/Drinkly-avclcklxnzfdlmbvbosehlvocgfw/Build/Intermediates.noindex/Drinkly.build/Debug-iphonesimulator/Drinkly.build/swift-overrides.hmap -emit-const-values -Xfrontend -const-gather-protocols-file -Xfrontend /Users/yakupacar/Library/Developer/Xcode/DerivedData/Drinkly-avclcklxnzfdlmbvbosehlvocgfw/Build/Intermediates.noindex/Drinkly.build/Debug-iphonesimulator/Drinkly.build/Objects-normal/arm64/Drinkly_const_extract_protocols.json -Xcc -iquote -Xcc /Users/yakupacar/Library/Developer/Xcode/DerivedData/Drinkly-avclcklxnzfdlmbvbosehlvocgfw/Build/Intermediates.noindex/Drinkly.build/Debug-iphonesimulator/Drinkly.build/Drinkly-generated-files.hmap -Xcc -I/Users/yakupacar/Library/Developer/Xcode/DerivedData/Drinkly-avclcklxnzfdlmbvbosehlvocgfw/Build/Intermediates.noindex/Drinkly.build/Debug-iphonesimulator/Drinkly.build/Drinkly-own-target-headers.hmap -Xcc -I/Users/yakupacar/Library/Developer/Xcode/DerivedData/Drinkly-avclcklxnzfdlmbvbosehlvocgfw/Build/Intermediates.noindex/Drinkly.build/Debug-iphonesimulator/Drinkly.build/Drinkly-all-target-headers.hmap -Xcc -iquote -Xcc /Users/yakupacar/Library/Developer/Xcode/DerivedData/Drinkly-avclcklxnzfdlmbvbosehlvocgfw/Build/Intermediates.noindex/Drinkly.build/Debug-iphonesimulator/Drinkly.build/Drinkly-project-headers.hmap -Xcc -I/Users/yakupacar/Library/Developer/Xcode/DerivedData/Drinkly-avclcklxnzfdlmbvbosehlvocgfw/Build/Products/Debug-iphonesimulator/include -Xcc -I/Users/yakupacar/Library/Developer/Xcode/DerivedData/Drinkly-avclcklxnzfdlmbvbosehlvocgfw/Build/Intermediates.noindex/Drinkly.build/Debug-iphonesimulator/Drinkly.build/DerivedSources-normal/arm64 -Xcc -I/Users/yakupacar/Library/Developer/Xcode/DerivedData/Drinkly-avclcklxnzfdlmbvbosehlvocgfw/Build/Intermediates.noindex/Drinkly.build/Debug-iphonesimulator/Drinkly.build/DerivedSources/arm64 -Xcc -I/Users/yakupacar/Library/Developer/Xcode/DerivedData/Drinkly-avclcklxnzfdlmbvbosehlvocgfw/Build/Intermediates.noindex/Drinkly.build/Debug-iphonesimulator/Drinkly.build/DerivedSources -Xcc -DDEBUG\=1 -emit-objc-header -emit-objc-header-path /Users/yakupacar/Library/Developer/Xcode/DerivedData/Drinkly-avclcklxnzfdlmbvbosehlvocgfw/Build/Intermediates.noindex/Drinkly.build/Debug-iphonesimulator/Drinkly.build/Objects-normal/arm64/Drinkly-Swift.h -working-directory /Users/yakupacar/Documents/Projects/Drinkly -experimental-emit-module-separately -disable-cmo

Ld /Users/yakupacar/Library/Developer/Xcode/DerivedData/Drinkly-avclcklxnzfdlmbvbosehlvocgfw/Build/Products/Debug-iphonesimulator/Drinkly.app/Drinkly.debug.dylib normal (in target 'Drinkly' from project 'Drinkly')
    cd /Users/yakupacar/Documents/Projects/Drinkly
    /Applications/Xcode.app/Contents/Developer/Toolchains/XcodeDefault.xctoolchain/usr/bin/clang -Xlinker -reproducible -target arm64-apple-ios18.5-simulator -dynamiclib -isysroot /Applications/Xcode.app/Contents/Developer/Platforms/iPhoneSimulator.platform/Developer/SDKs/iPhoneSimulator18.5.sdk -O0 -L/Users/yakupacar/Library/Developer/Xcode/DerivedData/Drinkly-avclcklxnzfdlmbvbosehlvocgfw/Build/Intermediates.noindex/EagerLinkingTBDs/Debug-iphonesimulator -L/Users/yakupacar/Library/Developer/Xcode/DerivedData/Drinkly-avclcklxnzfdlmbvbosehlvocgfw/Build/Products/Debug-iphonesimulator -F/Users/yakupacar/Library/Developer/Xcode/DerivedData/Drinkly-avclcklxnzfdlmbvbosehlvocgfw/Build/Intermediates.noindex/EagerLinkingTBDs/Debug-iphonesimulator -F/Users/yakupacar/Library/Developer/Xcode/DerivedData/Drinkly-avclcklxnzfdlmbvbosehlvocgfw/Build/Products/Debug-iphonesimulator -filelist /Users/yakupacar/Library/Developer/Xcode/DerivedData/Drinkly-avclcklxnzfdlmbvbosehlvocgfw/Build/Intermediates.noindex/Drinkly.build/Debug-iphonesimulator/Drinkly.build/Objects-normal/arm64/Drinkly.LinkFileList -install_name @rpath/Drinkly.debug.dylib -Xlinker -rpath -Xlinker @executable_path/Frameworks -dead_strip -Xlinker -object_path_lto -Xlinker /Users/yakupacar/Library/Developer/Xcode/DerivedData/Drinkly-avclcklxnzfdlmbvbosehlvocgfw/Build/Intermediates.noindex/Drinkly.build/Debug-iphonesimulator/Drinkly.build/Objects-normal/arm64/Drinkly_lto.o -rdynamic -Xlinker -no_deduplicate -Xlinker -objc_abi_version -Xlinker 2 -Xlinker -debug_variant -Xlinker -dependency_info -Xlinker /Users/yakupacar/Library/Developer/Xcode/DerivedData/Drinkly-avclcklxnzfdlmbvbosehlvocgfw/Build/Intermediates.noindex/Drinkly.build/Debug-iphonesimulator/Drinkly.build/Objects-normal/arm64/Drinkly_dependency_info.dat -fobjc-link-runtime -fprofile-instr-generate -L/Applications/Xcode.app/Contents/Developer/Toolchains/XcodeDefault.xctoolchain/usr/lib/swift/iphonesimulator -L/usr/lib/swift -Xlinker -add_ast_path -Xlinker /Users/yakupacar/Library/Developer/Xcode/DerivedData/Drinkly-avclcklxnzfdlmbvbosehlvocgfw/Build/Intermediates.noindex/Drinkly.build/Debug-iphonesimulator/Drinkly.build/Objects-normal/arm64/Drinkly.swiftmodule -Xlinker -alias -Xlinker _main -Xlinker ___debug_main_executable_dylib_entry_point -Xlinker -no_adhoc_codesign -o /Users/yakupacar/Library/Developer/Xcode/DerivedData/Drinkly-avclcklxnzfdlmbvbosehlvocgfw/Build/Products/Debug-iphonesimulator/Drinkly.app/Drinkly.debug.dylib

ConstructStubExecutorLinkFileList /Users/yakupacar/Library/Developer/Xcode/DerivedData/Drinkly-avclcklxnzfdlmbvbosehlvocgfw/Build/Intermediates.noindex/Drinkly.build/Debug-iphonesimulator/Drinkly.build/Drinkly-ExecutorLinkFileList-normal-arm64.txt (in target 'Drinkly' from project 'Drinkly')
    cd /Users/yakupacar/Documents/Projects/Drinkly
    construct-stub-executor-link-file-list /Users/yakupacar/Library/Developer/Xcode/DerivedData/Drinkly-avclcklxnzfdlmbvbosehlvocgfw/Build/Products/Debug-iphonesimulator/Drinkly.app/Drinkly.debug.dylib /Applications/Xcode.app/Contents/Developer/Platforms/iPhoneSimulator.platform/Developer/usr/lib/libPreviewsJITStubExecutor_no_swift_entry_point.a /Applications/Xcode.app/Contents/Developer/Platforms/iPhoneSimulator.platform/Developer/usr/lib/libPreviewsJITStubExecutor.a --output /Users/yakupacar/Library/Developer/Xcode/DerivedData/Drinkly-avclcklxnzfdlmbvbosehlvocgfw/Build/Intermediates.noindex/Drinkly.build/Debug-iphonesimulator/Drinkly.build/Drinkly-ExecutorLinkFileList-normal-arm64.txt
note: Using stub executor library with Swift entry point. (in target 'Drinkly' from project 'Drinkly')

Ld /Users/yakupacar/Library/Developer/Xcode/DerivedData/Drinkly-avclcklxnzfdlmbvbosehlvocgfw/Build/Products/Debug-iphonesimulator/Drinkly.app/Drinkly normal (in target 'Drinkly' from project 'Drinkly')
    cd /Users/yakupacar/Documents/Projects/Drinkly
    /Applications/Xcode.app/Contents/Developer/Toolchains/XcodeDefault.xctoolchain/usr/bin/clang -Xlinker -reproducible -target arm64-apple-ios18.5-simulator -isysroot /Applications/Xcode.app/Contents/Developer/Platforms/iPhoneSimulator.platform/Developer/SDKs/iPhoneSimulator18.5.sdk -O0 -L/Users/yakupacar/Library/Developer/Xcode/DerivedData/Drinkly-avclcklxnzfdlmbvbosehlvocgfw/Build/Products/Debug-iphonesimulator -F/Users/yakupacar/Library/Developer/Xcode/DerivedData/Drinkly-avclcklxnzfdlmbvbosehlvocgfw/Build/Products/Debug-iphonesimulator -Xlinker -rpath -Xlinker @executable_path -Xlinker -rpath -Xlinker @executable_path/Frameworks -rdynamic -Xlinker -no_deduplicate -Xlinker -objc_abi_version -Xlinker 2 -Xlinker -debug_variant -e ___debug_blank_executor_main -Xlinker -sectcreate -Xlinker __TEXT -Xlinker __debug_dylib -Xlinker /Users/yakupacar/Library/Developer/Xcode/DerivedData/Drinkly-avclcklxnzfdlmbvbosehlvocgfw/Build/Intermediates.noindex/Drinkly.build/Debug-iphonesimulator/Drinkly.build/Drinkly-DebugDylibPath-normal-arm64.txt -Xlinker -sectcreate -Xlinker __TEXT -Xlinker __debug_instlnm -Xlinker /Users/yakupacar/Library/Developer/Xcode/DerivedData/Drinkly-avclcklxnzfdlmbvbosehlvocgfw/Build/Intermediates.noindex/Drinkly.build/Debug-iphonesimulator/Drinkly.build/Drinkly-DebugDylibInstallName-normal-arm64.txt -Xlinker -filelist -Xlinker /Users/yakupacar/Library/Developer/Xcode/DerivedData/Drinkly-avclcklxnzfdlmbvbosehlvocgfw/Build/Intermediates.noindex/Drinkly.build/Debug-iphonesimulator/Drinkly.build/Drinkly-ExecutorLinkFileList-normal-arm64.txt -Xlinker -sectcreate -Xlinker __TEXT -Xlinker __entitlements -Xlinker /Users/yakupacar/Library/Developer/Xcode/DerivedData/Drinkly-avclcklxnzfdlmbvbosehlvocgfw/Build/Intermediates.noindex/Drinkly.build/Debug-iphonesimulator/Drinkly.build/Drinkly.app-Simulated.xcent -Xlinker -sectcreate -Xlinker __TEXT -Xlinker __ents_der -Xlinker /Users/yakupacar/Library/Developer/Xcode/DerivedData/Drinkly-avclcklxnzfdlmbvbosehlvocgfw/Build/Intermediates.noindex/Drinkly.build/Debug-iphonesimulator/Drinkly.build/Drinkly.app-Simulated.xcent.der /Users/yakupacar/Library/Developer/Xcode/DerivedData/Drinkly-avclcklxnzfdlmbvbosehlvocgfw/Build/Products/Debug-iphonesimulator/Drinkly.app/Drinkly.debug.dylib -Xlinker -no_adhoc_codesign -o /Users/yakupacar/Library/Developer/Xcode/DerivedData/Drinkly-avclcklxnzfdlmbvbosehlvocgfw/Build/Products/Debug-iphonesimulator/Drinkly.app/Drinkly

CopySwiftLibs /Users/yakupacar/Library/Developer/Xcode/DerivedData/Drinkly-avclcklxnzfdlmbvbosehlvocgfw/Build/Products/Debug-iphonesimulator/Drinkly.app (in target 'Drinkly' from project 'Drinkly')
    cd /Users/yakupacar/Documents/Projects/Drinkly
    builtin-swiftStdLibTool --copy --verbose --sign - --scan-executable /Users/yakupacar/Library/Developer/Xcode/DerivedData/Drinkly-avclcklxnzfdlmbvbosehlvocgfw/Build/Products/Debug-iphonesimulator/Drinkly.app/Drinkly.debug.dylib --scan-folder /Users/yakupacar/Library/Developer/Xcode/DerivedData/Drinkly-avclcklxnzfdlmbvbosehlvocgfw/Build/Products/Debug-iphonesimulator/Drinkly.app/Frameworks --scan-folder /Users/yakupacar/Library/Developer/Xcode/DerivedData/Drinkly-avclcklxnzfdlmbvbosehlvocgfw/Build/Products/Debug-iphonesimulator/Drinkly.app/PlugIns --scan-folder /Users/yakupacar/Library/Developer/Xcode/DerivedData/Drinkly-avclcklxnzfdlmbvbosehlvocgfw/Build/Products/Debug-iphonesimulator/Drinkly.app/SystemExtensions --scan-folder /Users/yakupacar/Library/Developer/Xcode/DerivedData/Drinkly-avclcklxnzfdlmbvbosehlvocgfw/Build/Products/Debug-iphonesimulator/Drinkly.app/Extensions --platform iphonesimulator --toolchain /Applications/Xcode.app/Contents/Developer/Toolchains/XcodeDefault.xctoolchain --destination /Users/yakupacar/Library/Developer/Xcode/DerivedData/Drinkly-avclcklxnzfdlmbvbosehlvocgfw/Build/Products/Debug-iphonesimulator/Drinkly.app/Frameworks --strip-bitcode --strip-bitcode-tool /Applications/Xcode.app/Contents/Developer/Toolchains/XcodeDefault.xctoolchain/usr/bin/bitcode_strip --emit-dependency-info /Users/yakupacar/Library/Developer/Xcode/DerivedData/Drinkly-avclcklxnzfdlmbvbosehlvocgfw/Build/Intermediates.noindex/Drinkly.build/Debug-iphonesimulator/Drinkly.build/SwiftStdLibToolInputDependencies.dep --filter-for-swift-os

ExtractAppIntentsMetadata (in target 'Drinkly' from project 'Drinkly')
    cd /Users/yakupacar/Documents/Projects/Drinkly
    /Applications/Xcode.app/Contents/Developer/Toolchains/XcodeDefault.xctoolchain/usr/bin/appintentsmetadataprocessor --toolchain-dir /Applications/Xcode.app/Contents/Developer/Toolchains/XcodeDefault.xctoolchain --module-name Drinkly --sdk-root /Applications/Xcode.app/Contents/Developer/Platforms/iPhoneSimulator.platform/Developer/SDKs/iPhoneSimulator18.5.sdk --xcode-version 16F6 --platform-family iOS --deployment-target 18.5 --bundle-identifier com.ioneagles.Drinkly --output /Users/yakupacar/Library/Developer/Xcode/DerivedData/Drinkly-avclcklxnzfdlmbvbosehlvocgfw/Build/Products/Debug-iphonesimulator/Drinkly.app --target-triple arm64-apple-ios18.5-simulator --binary-file /Users/yakupacar/Library/Developer/Xcode/DerivedData/Drinkly-avclcklxnzfdlmbvbosehlvocgfw/Build/Products/Debug-iphonesimulator/Drinkly.app/Drinkly --dependency-file /Users/yakupacar/Library/Developer/Xcode/DerivedData/Drinkly-avclcklxnzfdlmbvbosehlvocgfw/Build/Intermediates.noindex/Drinkly.build/Debug-iphonesimulator/Drinkly.build/Objects-normal/arm64/Drinkly_dependency_info.dat --stringsdata-file /Users/yakupacar/Library/Developer/Xcode/DerivedData/Drinkly-avclcklxnzfdlmbvbosehlvocgfw/Build/Intermediates.noindex/Drinkly.build/Debug-iphonesimulator/Drinkly.build/Objects-normal/arm64/ExtractedAppShortcutsMetadata.stringsdata --source-file-list /Users/yakupacar/Library/Developer/Xcode/DerivedData/Drinkly-avclcklxnzfdlmbvbosehlvocgfw/Build/Intermediates.noindex/Drinkly.build/Debug-iphonesimulator/Drinkly.build/Objects-normal/arm64/Drinkly.SwiftFileList --metadata-file-list /Users/yakupacar/Library/Developer/Xcode/DerivedData/Drinkly-avclcklxnzfdlmbvbosehlvocgfw/Build/Intermediates.noindex/Drinkly.build/Debug-iphonesimulator/Drinkly.build/Drinkly.DependencyMetadataFileList --static-metadata-file-list /Users/yakupacar/Library/Developer/Xcode/DerivedData/Drinkly-avclcklxnzfdlmbvbosehlvocgfw/Build/Intermediates.noindex/Drinkly.build/Debug-iphonesimulator/Drinkly.build/Drinkly.DependencyStaticMetadataFileList --swift-const-vals-list /Users/yakupacar/Library/Developer/Xcode/DerivedData/Drinkly-avclcklxnzfdlmbvbosehlvocgfw/Build/Intermediates.noindex/Drinkly.build/Debug-iphonesimulator/Drinkly.build/Objects-normal/arm64/Drinkly.SwiftConstValuesFileList --compile-time-extraction --deployment-aware-processing --validate-assistant-intents --no-app-shortcuts-localization
2025-07-09 18:56:05.237 appintentsmetadataprocessor[2961:49884] Starting appintentsmetadataprocessor export
2025-07-09 18:56:05.238 appintentsmetadataprocessor[2961:49884] warning: Metadata extraction skipped. No AppIntents.framework dependency found.

AppIntentsSSUTraining (in target 'Drinkly' from project 'Drinkly')
    cd /Users/yakupacar/Documents/Projects/Drinkly
    /Applications/Xcode.app/Contents/Developer/Toolchains/XcodeDefault.xctoolchain/usr/bin/appintentsnltrainingprocessor --infoplist-path /Users/yakupacar/Library/Developer/Xcode/DerivedData/Drinkly-avclcklxnzfdlmbvbosehlvocgfw/Build/Products/Debug-iphonesimulator/Drinkly.app/Info.plist --temp-dir-path /Users/yakupacar/Library/Developer/Xcode/DerivedData/Drinkly-avclcklxnzfdlmbvbosehlvocgfw/Build/Intermediates.noindex/Drinkly.build/Debug-iphonesimulator/Drinkly.build/ssu --bundle-id com.ioneagles.Drinkly --product-path /Users/yakupacar/Library/Developer/Xcode/DerivedData/Drinkly-avclcklxnzfdlmbvbosehlvocgfw/Build/Products/Debug-iphonesimulator/Drinkly.app --extracted-metadata-path /Users/yakupacar/Library/Developer/Xcode/DerivedData/Drinkly-avclcklxnzfdlmbvbosehlvocgfw/Build/Products/Debug-iphonesimulator/Drinkly.app/Metadata.appintents --metadata-file-list /Users/yakupacar/Library/Developer/Xcode/DerivedData/Drinkly-avclcklxnzfdlmbvbosehlvocgfw/Build/Intermediates.noindex/Drinkly.build/Debug-iphonesimulator/Drinkly.build/Drinkly.DependencyMetadataFileList --archive-ssu-assets
2025-07-09 18:56:05.248 appintentsnltrainingprocessor[2962:49885] Parsing options for appintentsnltrainingprocessor
2025-07-09 18:56:05.249 appintentsnltrainingprocessor[2962:49885] No AppShortcuts found - Skipping.

CodeSign /Users/yakupacar/Library/Developer/Xcode/DerivedData/Drinkly-avclcklxnzfdlmbvbosehlvocgfw/Build/Products/Debug-iphonesimulator/Drinkly.app/Drinkly.debug.dylib (in target 'Drinkly' from project 'Drinkly')
    cd /Users/yakupacar/Documents/Projects/Drinkly
    
    Signing Identity:     "Sign to Run Locally"
    
    /usr/bin/codesign --force --sign - --timestamp\=none --generate-entitlement-der /Users/yakupacar/Library/Developer/Xcode/DerivedData/Drinkly-avclcklxnzfdlmbvbosehlvocgfw/Build/Products/Debug-iphonesimulator/Drinkly.app/Drinkly.debug.dylib

CodeSign /Users/yakupacar/Library/Developer/Xcode/DerivedData/Drinkly-avclcklxnzfdlmbvbosehlvocgfw/Build/Products/Debug-iphonesimulator/Drinkly.app/__preview.dylib (in target 'Drinkly' from project 'Drinkly')
    cd /Users/yakupacar/Documents/Projects/Drinkly
    
    Signing Identity:     "Sign to Run Locally"
    
    /usr/bin/codesign --force --sign - --timestamp\=none --generate-entitlement-der /Users/yakupacar/Library/Developer/Xcode/DerivedData/Drinkly-avclcklxnzfdlmbvbosehlvocgfw/Build/Products/Debug-iphonesimulator/Drinkly.app/__preview.dylib

CodeSign /Users/yakupacar/Library/Developer/Xcode/DerivedData/Drinkly-avclcklxnzfdlmbvbosehlvocgfw/Build/Products/Debug-iphonesimulator/Drinkly.app (in target 'Drinkly' from project 'Drinkly')
    cd /Users/yakupacar/Documents/Projects/Drinkly
    
    Signing Identity:     "Sign to Run Locally"
    
    /usr/bin/codesign --force --sign - --timestamp\=none --generate-entitlement-der /Users/yakupacar/Library/Developer/Xcode/DerivedData/Drinkly-avclcklxnzfdlmbvbosehlvocgfw/Build/Products/Debug-iphonesimulator/Drinkly.app

RegisterExecutionPolicyException /Users/yakupacar/Library/Developer/Xcode/DerivedData/Drinkly-avclcklxnzfdlmbvbosehlvocgfw/Build/Products/Debug-iphonesimulator/Drinkly.app (in target 'Drinkly' from project 'Drinkly')
    cd /Users/yakupacar/Documents/Projects/Drinkly
    builtin-RegisterExecutionPolicyException /Users/yakupacar/Library/Developer/Xcode/DerivedData/Drinkly-avclcklxnzfdlmbvbosehlvocgfw/Build/Products/Debug-iphonesimulator/Drinkly.app

Validate /Users/yakupacar/Library/Developer/Xcode/DerivedData/Drinkly-avclcklxnzfdlmbvbosehlvocgfw/Build/Products/Debug-iphonesimulator/Drinkly.app (in target 'Drinkly' from project 'Drinkly')
    cd /Users/yakupacar/Documents/Projects/Drinkly
    builtin-validationUtility /Users/yakupacar/Library/Developer/Xcode/DerivedData/Drinkly-avclcklxnzfdlmbvbosehlvocgfw/Build/Products/Debug-iphonesimulator/Drinkly.app -infoplist-subpath Info.plist

Touch /Users/yakupacar/Library/Developer/Xcode/DerivedData/Drinkly-avclcklxnzfdlmbvbosehlvocgfw/Build/Products/Debug-iphonesimulator/Drinkly.app (in target 'Drinkly' from project 'Drinkly')
    cd /Users/yakupacar/Documents/Projects/Drinkly
    /usr/bin/touch -c /Users/yakupacar/Library/Developer/Xcode/DerivedData/Drinkly-avclcklxnzfdlmbvbosehlvocgfw/Build/Products/Debug-iphonesimulator/Drinkly.app

** BUILD SUCCEEDED **

